[Tue Mar 01 11:47:05.571771 2022] [ssl:warn] [pid 18944:tid 568] AH01909: www.example.com:443:0 server certificate does NOT include an ID which matches the server name
[Tue Mar 01 11:47:05.633185 2022] [ssl:warn] [pid 18944:tid 568] AH01909: www.example.com:443:0 server certificate does NOT include an ID which matches the server name
PHP Warning:  Module 'openssl' already loaded in Unknown on line 0
[Tue Mar 01 11:47:05.689477 2022] [mpm_winnt:notice] [pid 18944:tid 568] AH00455: Apache/2.4.41 (Win64) OpenSSL/1.1.1c PHP/7.3.11 configured -- resuming normal operations
[Tue Mar 01 11:47:05.690475 2022] [mpm_winnt:notice] [pid 18944:tid 568] AH00456: Apache Lounge VC15 Server built: Aug 11 2019 12:20:04
[Tue Mar 01 11:47:05.690475 2022] [core:notice] [pid 18944:tid 568] AH00094: Command line: 'apache\\bin\\httpd.exe -d C:/Users/moshe/Desktop/Moodle Project/m/server/apache -f conf\\httpd.conf'
[Tue Mar 01 11:47:05.696458 2022] [mpm_winnt:notice] [pid 18944:tid 568] AH00418: Parent: Created child process 16536
[Tue Mar 01 11:47:06.913898 2022] [ssl:warn] [pid 16536:tid 608] AH01909: www.example.com:443:0 server certificate does NOT include an ID which matches the server name
[Tue Mar 01 11:47:06.955531 2022] [ssl:warn] [pid 16536:tid 608] AH01909: www.example.com:443:0 server certificate does NOT include an ID which matches the server name
PHP Warning:  Module 'openssl' already loaded in Unknown on line 0
[Tue Mar 01 11:47:06.987959 2022] [mpm_winnt:notice] [pid 16536:tid 608] AH00354: Child: Starting 150 worker threads.
[Tue Mar 01 11:48:32.983579 2022] [php7:warn] [pid 16536:tid 1976] [client ::1:56708] PHP Warning:  mysqli::__construct(): The server requested authentication method unknown to the client [caching_sha2_password] in C:\\Users\\moshe\\Desktop\\Moodle Project\\m\\server\\moodle\\lib\\dml\\mysqli_native_moodle_database.php on line 83, referer: http://localhost/install.php
[Tue Mar 01 11:48:32.983579 2022] [php7:warn] [pid 16536:tid 1976] [client ::1:56708] PHP Warning:  mysqli::__construct(): (HY000/2054): The server requested authentication method unknown to the client in C:\\Users\\moshe\\Desktop\\Moodle Project\\m\\server\\moodle\\lib\\dml\\mysqli_native_moodle_database.php on line 83, referer: http://localhost/install.php
[Tue Mar 01 11:49:00.170393 2022] [php7:warn] [pid 16536:tid 1928] [client ::1:56713] PHP Warning:  mysqli::__construct(): The server requested authentication method unknown to the client [caching_sha2_password] in C:\\Users\\moshe\\Desktop\\Moodle Project\\m\\server\\moodle\\lib\\dml\\mysqli_native_moodle_database.php on line 83, referer: http://localhost/install.php
[Tue Mar 01 11:49:00.171391 2022] [php7:warn] [pid 16536:tid 1928] [client ::1:56713] PHP Warning:  mysqli::__construct(): (HY000/2054): The server requested authentication method unknown to the client in C:\\Users\\moshe\\Desktop\\Moodle Project\\m\\server\\moodle\\lib\\dml\\mysqli_native_moodle_database.php on line 83, referer: http://localhost/install.php
[Tue Mar 01 11:50:00.884855 2022] [php7:warn] [pid 16536:tid 1976] [client ::1:56722] PHP Warning:  mysqli::__construct(): The server requested authentication method unknown to the client [caching_sha2_password] in C:\\Users\\moshe\\Desktop\\Moodle Project\\m\\server\\moodle\\lib\\dml\\mysqli_native_moodle_database.php on line 83, referer: http://localhost/install.php
[Tue Mar 01 11:50:00.885832 2022] [php7:warn] [pid 16536:tid 1976] [client ::1:56722] PHP Warning:  mysqli::__construct(): (HY000/2054): The server requested authentication method unknown to the client in C:\\Users\\moshe\\Desktop\\Moodle Project\\m\\server\\moodle\\lib\\dml\\mysqli_native_moodle_database.php on line 83, referer: http://localhost/install.php
[Tue Mar 01 11:50:13.521932 2022] [php7:warn] [pid 16536:tid 1976] [client ::1:56722] PHP Warning:  mysqli::__construct(): The server requested authentication method unknown to the client [caching_sha2_password] in C:\\Users\\moshe\\Desktop\\Moodle Project\\m\\server\\moodle\\lib\\dml\\mysqli_native_moodle_database.php on line 83, referer: http://localhost/install.php
[Tue Mar 01 11:50:13.522929 2022] [php7:warn] [pid 16536:tid 1976] [client ::1:56722] PHP Warning:  mysqli::__construct(): (HY000/2054): The server requested authentication method unknown to the client in C:\\Users\\moshe\\Desktop\\Moodle Project\\m\\server\\moodle\\lib\\dml\\mysqli_native_moodle_database.php on line 83, referer: http://localhost/install.php
[Tue Mar 01 11:54:34.593104 2022] [mpm_winnt:notice] [pid 18944:tid 568] AH00422: Parent: Received shutdown signal -- Shutting down the server.
[Tue Mar 01 11:54:36.598322 2022] [mpm_winnt:notice] [pid 16536:tid 608] AH00364: Child: All worker threads have exited.
[Tue Mar 01 11:54:36.636716 2022] [mpm_winnt:notice] [pid 18944:tid 568] AH00430: Parent: Child process 16536 exited successfully.
[Tue Mar 01 11:54:51.602564 2022] [ssl:warn] [pid 19100:tid 576] AH01909: www.example.com:443:0 server certificate does NOT include an ID which matches the server name
[Tue Mar 01 11:54:51.657380 2022] [ssl:warn] [pid 19100:tid 576] AH01909: www.example.com:443:0 server certificate does NOT include an ID which matches the server name
PHP Warning:  Module 'openssl' already loaded in Unknown on line 0
[Tue Mar 01 11:54:51.691289 2022] [mpm_winnt:notice] [pid 19100:tid 576] AH00455: Apache/2.4.41 (Win64) OpenSSL/1.1.1c PHP/7.3.11 configured -- resuming normal operations
[Tue Mar 01 11:54:51.691289 2022] [mpm_winnt:notice] [pid 19100:tid 576] AH00456: Apache Lounge VC15 Server built: Aug 11 2019 12:20:04
[Tue Mar 01 11:54:51.691289 2022] [core:notice] [pid 19100:tid 576] AH00094: Command line: 'apache\\bin\\httpd.exe -d C:/Users/moshe/Desktop/Moodle Project/m/server/apache -f conf\\httpd.conf'
[Tue Mar 01 11:54:51.696277 2022] [mpm_winnt:notice] [pid 19100:tid 576] AH00418: Parent: Created child process 2256
[Tue Mar 01 11:54:52.736275 2022] [ssl:warn] [pid 2256:tid 596] AH01909: www.example.com:443:0 server certificate does NOT include an ID which matches the server name
[Tue Mar 01 11:54:52.771628 2022] [ssl:warn] [pid 2256:tid 596] AH01909: www.example.com:443:0 server certificate does NOT include an ID which matches the server name
PHP Warning:  Module 'openssl' already loaded in Unknown on line 0
[Tue Mar 01 11:54:52.806538 2022] [mpm_winnt:notice] [pid 2256:tid 596] AH00354: Child: Starting 150 worker threads.
[Tue Mar 01 11:56:00.232859 2022] [php7:warn] [pid 2256:tid 1900] [client ::1:56848] PHP Warning:  mysqli::__construct(): The server requested authentication method unknown to the client [caching_sha2_password] in C:\\Users\\moshe\\Desktop\\Moodle Project\\m\\server\\moodle\\lib\\dml\\mysqli_native_moodle_database.php on line 83, referer: http://localhost/install.php
[Tue Mar 01 11:56:00.233860 2022] [php7:warn] [pid 2256:tid 1900] [client ::1:56848] PHP Warning:  mysqli::__construct(): (HY000/2054): The server requested authentication method unknown to the client in C:\\Users\\moshe\\Desktop\\Moodle Project\\m\\server\\moodle\\lib\\dml\\mysqli_native_moodle_database.php on line 83, referer: http://localhost/install.php
[Tue Mar 01 12:00:50.325803 2022] [php7:warn] [pid 2256:tid 1904] [client ::1:56893] PHP Warning:  mysqli::__construct(): MySQL server has gone away in C:\\Users\\moshe\\Desktop\\Moodle Project\\m\\server\\moodle\\lib\\dml\\mysqli_native_moodle_database.php on line 83, referer: http://localhost/install.php
[Tue Mar 01 12:00:50.325803 2022] [php7:warn] [pid 2256:tid 1904] [client ::1:56893] PHP Warning:  mysqli::__construct(): Error while reading greeting packet. PID=2256 in C:\\Users\\moshe\\Desktop\\Moodle Project\\m\\server\\moodle\\lib\\dml\\mysqli_native_moodle_database.php on line 83, referer: http://localhost/install.php
[Tue Mar 01 12:00:50.325803 2022] [php7:warn] [pid 2256:tid 1904] [client ::1:56893] PHP Warning:  mysqli::__construct(): (HY000/2006): MySQL server has gone away in C:\\Users\\moshe\\Desktop\\Moodle Project\\m\\server\\moodle\\lib\\dml\\mysqli_native_moodle_database.php on line 83, referer: http://localhost/install.php
[Tue Mar 01 12:01:29.119921 2022] [php7:warn] [pid 2256:tid 1896] [client ::1:56898] PHP Warning:  mysqli::__construct(): MySQL server has gone away in C:\\Users\\moshe\\Desktop\\Moodle Project\\m\\server\\moodle\\lib\\dml\\mysqli_native_moodle_database.php on line 83, referer: http://localhost/install.php
[Tue Mar 01 12:01:29.120919 2022] [php7:warn] [pid 2256:tid 1896] [client ::1:56898] PHP Warning:  mysqli::__construct(): Error while reading greeting packet. PID=2256 in C:\\Users\\moshe\\Desktop\\Moodle Project\\m\\server\\moodle\\lib\\dml\\mysqli_native_moodle_database.php on line 83, referer: http://localhost/install.php
[Tue Mar 01 12:01:29.121915 2022] [php7:warn] [pid 2256:tid 1896] [client ::1:56898] PHP Warning:  mysqli::__construct(): (HY000/2006): MySQL server has gone away in C:\\Users\\moshe\\Desktop\\Moodle Project\\m\\server\\moodle\\lib\\dml\\mysqli_native_moodle_database.php on line 83, referer: http://localhost/install.php
[Tue Mar 01 12:02:28.502074 2022] [php7:warn] [pid 2256:tid 1848] [client ::1:56973] PHP Warning:  mysqli::__construct(): The server requested authentication method unknown to the client [caching_sha2_password] in C:\\Users\\moshe\\Desktop\\Moodle Project\\m\\server\\moodle\\lib\\dml\\mysqli_native_moodle_database.php on line 83, referer: http://localhost/install.php
[Tue Mar 01 12:02:28.502074 2022] [php7:warn] [pid 2256:tid 1848] [client ::1:56973] PHP Warning:  mysqli::__construct(): (HY000/2054): The server requested authentication method unknown to the client in C:\\Users\\moshe\\Desktop\\Moodle Project\\m\\server\\moodle\\lib\\dml\\mysqli_native_moodle_database.php on line 83, referer: http://localhost/install.php
[Tue Mar 01 12:02:35.553272 2022] [php7:warn] [pid 2256:tid 1844] [client ::1:56993] PHP Warning:  mysqli::__construct(): The server requested authentication method unknown to the client [caching_sha2_password] in C:\\Users\\moshe\\Desktop\\Moodle Project\\m\\server\\moodle\\lib\\dml\\mysqli_native_moodle_database.php on line 83, referer: http://localhost/install.php
[Tue Mar 01 12:02:35.554268 2022] [php7:warn] [pid 2256:tid 1844] [client ::1:56993] PHP Warning:  mysqli::__construct(): (HY000/2054): The server requested authentication method unknown to the client in C:\\Users\\moshe\\Desktop\\Moodle Project\\m\\server\\moodle\\lib\\dml\\mysqli_native_moodle_database.php on line 83, referer: http://localhost/install.php
[Tue Mar 01 12:02:38.438227 2022] [php7:warn] [pid 2256:tid 1900] [client ::1:56918] PHP Warning:  mysqli::__construct(): MySQL server has gone away in C:\\Users\\moshe\\Desktop\\Moodle Project\\m\\server\\moodle\\lib\\dml\\mysqli_native_moodle_database.php on line 83, referer: http://localhost/install.php
[Tue Mar 01 12:02:38.438227 2022] [php7:warn] [pid 2256:tid 1900] [client ::1:56918] PHP Warning:  mysqli::__construct(): Error while reading greeting packet. PID=2256 in C:\\Users\\moshe\\Desktop\\Moodle Project\\m\\server\\moodle\\lib\\dml\\mysqli_native_moodle_database.php on line 83, referer: http://localhost/install.php
[Tue Mar 01 12:02:38.439210 2022] [php7:warn] [pid 2256:tid 1900] [client ::1:56918] PHP Warning:  mysqli::__construct(): (HY000/2006): MySQL server has gone away in C:\\Users\\moshe\\Desktop\\Moodle Project\\m\\server\\moodle\\lib\\dml\\mysqli_native_moodle_database.php on line 83, referer: http://localhost/install.php
[Tue Mar 01 12:02:38.674174 2022] [php7:warn] [pid 2256:tid 1904] [client ::1:56919] PHP Warning:  mysqli::__construct(): MySQL server has gone away in C:\\Users\\moshe\\Desktop\\Moodle Project\\m\\server\\moodle\\lib\\dml\\mysqli_native_moodle_database.php on line 83, referer: http://localhost/install.php
[Tue Mar 01 12:02:38.674174 2022] [php7:warn] [pid 2256:tid 1904] [client ::1:56919] PHP Warning:  mysqli::__construct(): Error while reading greeting packet. PID=2256 in C:\\Users\\moshe\\Desktop\\Moodle Project\\m\\server\\moodle\\lib\\dml\\mysqli_native_moodle_database.php on line 83, referer: http://localhost/install.php
[Tue Mar 01 12:02:38.675160 2022] [php7:warn] [pid 2256:tid 1904] [client ::1:56919] PHP Warning:  mysqli::__construct(): (HY000/2006): MySQL server has gone away in C:\\Users\\moshe\\Desktop\\Moodle Project\\m\\server\\moodle\\lib\\dml\\mysqli_native_moodle_database.php on line 83, referer: http://localhost/install.php
[Tue Mar 01 12:02:39.507275 2022] [php7:warn] [pid 2256:tid 1892] [client ::1:56920] PHP Warning:  mysqli::__construct(): MySQL server has gone away in C:\\Users\\moshe\\Desktop\\Moodle Project\\m\\server\\moodle\\lib\\dml\\mysqli_native_moodle_database.php on line 83, referer: http://localhost/install.php
[Tue Mar 01 12:02:39.507275 2022] [php7:warn] [pid 2256:tid 1888] [client ::1:56921] PHP Warning:  mysqli::__construct(): MySQL server has gone away in C:\\Users\\moshe\\Desktop\\Moodle Project\\m\\server\\moodle\\lib\\dml\\mysqli_native_moodle_database.php on line 83, referer: http://localhost/install.php
[Tue Mar 01 12:02:39.508274 2022] [php7:warn] [pid 2256:tid 1892] [client ::1:56920] PHP Warning:  mysqli::__construct(): Error while reading greeting packet. PID=2256 in C:\\Users\\moshe\\Desktop\\Moodle Project\\m\\server\\moodle\\lib\\dml\\mysqli_native_moodle_database.php on line 83, referer: http://localhost/install.php
[Tue Mar 01 12:02:39.508274 2022] [php7:warn] [pid 2256:tid 1888] [client ::1:56921] PHP Warning:  mysqli::__construct(): Error while reading greeting packet. PID=2256 in C:\\Users\\moshe\\Desktop\\Moodle Project\\m\\server\\moodle\\lib\\dml\\mysqli_native_moodle_database.php on line 83, referer: http://localhost/install.php
[Tue Mar 01 12:02:39.509273 2022] [php7:warn] [pid 2256:tid 1892] [client ::1:56920] PHP Warning:  mysqli::__construct(): (HY000/2006): MySQL server has gone away in C:\\Users\\moshe\\Desktop\\Moodle Project\\m\\server\\moodle\\lib\\dml\\mysqli_native_moodle_database.php on line 83, referer: http://localhost/install.php
[Tue Mar 01 12:02:39.509273 2022] [php7:warn] [pid 2256:tid 1888] [client ::1:56921] PHP Warning:  mysqli::__construct(): (HY000/2006): MySQL server has gone away in C:\\Users\\moshe\\Desktop\\Moodle Project\\m\\server\\moodle\\lib\\dml\\mysqli_native_moodle_database.php on line 83, referer: http://localhost/install.php
[Tue Mar 01 12:02:41.601831 2022] [php7:warn] [pid 2256:tid 1884] [client ::1:56927] PHP Warning:  mysqli::__construct(): MySQL server has gone away in C:\\Users\\moshe\\Desktop\\Moodle Project\\m\\server\\moodle\\lib\\dml\\mysqli_native_moodle_database.php on line 83, referer: http://localhost/install.php
[Tue Mar 01 12:02:41.602830 2022] [php7:warn] [pid 2256:tid 1884] [client ::1:56927] PHP Warning:  mysqli::__construct(): Error while reading greeting packet. PID=2256 in C:\\Users\\moshe\\Desktop\\Moodle Project\\m\\server\\moodle\\lib\\dml\\mysqli_native_moodle_database.php on line 83, referer: http://localhost/install.php
[Tue Mar 01 12:02:41.602830 2022] [php7:warn] [pid 2256:tid 1884] [client ::1:56927] PHP Warning:  mysqli::__construct(): (HY000/2006): MySQL server has gone away in C:\\Users\\moshe\\Desktop\\Moodle Project\\m\\server\\moodle\\lib\\dml\\mysqli_native_moodle_database.php on line 83, referer: http://localhost/install.php
[Tue Mar 01 12:02:41.729525 2022] [php7:warn] [pid 2256:tid 1880] [client ::1:56928] PHP Warning:  mysqli::__construct(): MySQL server has gone away in C:\\Users\\moshe\\Desktop\\Moodle Project\\m\\server\\moodle\\lib\\dml\\mysqli_native_moodle_database.php on line 83, referer: http://localhost/install.php
[Tue Mar 01 12:02:41.730512 2022] [php7:warn] [pid 2256:tid 1880] [client ::1:56928] PHP Warning:  mysqli::__construct(): Error while reading greeting packet. PID=2256 in C:\\Users\\moshe\\Desktop\\Moodle Project\\m\\server\\moodle\\lib\\dml\\mysqli_native_moodle_database.php on line 83, referer: http://localhost/install.php
[Tue Mar 01 12:02:41.730512 2022] [php7:warn] [pid 2256:tid 1880] [client ::1:56928] PHP Warning:  mysqli::__construct(): (HY000/2006): MySQL server has gone away in C:\\Users\\moshe\\Desktop\\Moodle Project\\m\\server\\moodle\\lib\\dml\\mysqli_native_moodle_database.php on line 83, referer: http://localhost/install.php
[Tue Mar 01 12:03:13.212807 2022] [php7:warn] [pid 2256:tid 1896] [client ::1:56952] PHP Warning:  mysqli::__construct(): MySQL server has gone away in C:\\Users\\moshe\\Desktop\\Moodle Project\\m\\server\\moodle\\lib\\dml\\mysqli_native_moodle_database.php on line 83, referer: http://localhost/install.php
[Tue Mar 01 12:03:13.214814 2022] [php7:warn] [pid 2256:tid 1896] [client ::1:56952] PHP Warning:  mysqli::__construct(): Error while reading greeting packet. PID=2256 in C:\\Users\\moshe\\Desktop\\Moodle Project\\m\\server\\moodle\\lib\\dml\\mysqli_native_moodle_database.php on line 83, referer: http://localhost/install.php
[Tue Mar 01 12:03:13.215799 2022] [php7:warn] [pid 2256:tid 1896] [client ::1:56952] PHP Warning:  mysqli::__construct(): (HY000/2006): MySQL server has gone away in C:\\Users\\moshe\\Desktop\\Moodle Project\\m\\server\\moodle\\lib\\dml\\mysqli_native_moodle_database.php on line 83, referer: http://localhost/install.php
[Tue Mar 01 12:03:14.492547 2022] [php7:warn] [pid 2256:tid 1876] [client ::1:56953] PHP Warning:  mysqli::__construct(): MySQL server has gone away in C:\\Users\\moshe\\Desktop\\Moodle Project\\m\\server\\moodle\\lib\\dml\\mysqli_native_moodle_database.php on line 83, referer: http://localhost/install.php
[Tue Mar 01 12:03:14.493549 2022] [php7:warn] [pid 2256:tid 1876] [client ::1:56953] PHP Warning:  mysqli::__construct(): Error while reading greeting packet. PID=2256 in C:\\Users\\moshe\\Desktop\\Moodle Project\\m\\server\\moodle\\lib\\dml\\mysqli_native_moodle_database.php on line 83, referer: http://localhost/install.php
[Tue Mar 01 12:03:14.493549 2022] [php7:warn] [pid 2256:tid 1876] [client ::1:56953] PHP Warning:  mysqli::__construct(): (HY000/2006): MySQL server has gone away in C:\\Users\\moshe\\Desktop\\Moodle Project\\m\\server\\moodle\\lib\\dml\\mysqli_native_moodle_database.php on line 83, referer: http://localhost/install.php
[Tue Mar 01 12:03:14.758618 2022] [php7:warn] [pid 2256:tid 1872] [client ::1:56954] PHP Warning:  mysqli::__construct(): MySQL server has gone away in C:\\Users\\moshe\\Desktop\\Moodle Project\\m\\server\\moodle\\lib\\dml\\mysqli_native_moodle_database.php on line 83, referer: http://localhost/install.php
[Tue Mar 01 12:03:14.759609 2022] [php7:warn] [pid 2256:tid 1872] [client ::1:56954] PHP Warning:  mysqli::__construct(): Error while reading greeting packet. PID=2256 in C:\\Users\\moshe\\Desktop\\Moodle Project\\m\\server\\moodle\\lib\\dml\\mysqli_native_moodle_database.php on line 83, referer: http://localhost/install.php
[Tue Mar 01 12:03:14.760606 2022] [php7:warn] [pid 2256:tid 1872] [client ::1:56954] PHP Warning:  mysqli::__construct(): (HY000/2006): MySQL server has gone away in C:\\Users\\moshe\\Desktop\\Moodle Project\\m\\server\\moodle\\lib\\dml\\mysqli_native_moodle_database.php on line 83, referer: http://localhost/install.php
[Tue Mar 01 12:03:15.309116 2022] [php7:warn] [pid 2256:tid 1868] [client ::1:56955] PHP Warning:  mysqli::__construct(): MySQL server has gone away in C:\\Users\\moshe\\Desktop\\Moodle Project\\m\\server\\moodle\\lib\\dml\\mysqli_native_moodle_database.php on line 83, referer: http://localhost/install.php
[Tue Mar 01 12:03:15.310113 2022] [php7:warn] [pid 2256:tid 1868] [client ::1:56955] PHP Warning:  mysqli::__construct(): Error while reading greeting packet. PID=2256 in C:\\Users\\moshe\\Desktop\\Moodle Project\\m\\server\\moodle\\lib\\dml\\mysqli_native_moodle_database.php on line 83, referer: http://localhost/install.php
[Tue Mar 01 12:03:15.310113 2022] [php7:warn] [pid 2256:tid 1868] [client ::1:56955] PHP Warning:  mysqli::__construct(): (HY000/2006): MySQL server has gone away in C:\\Users\\moshe\\Desktop\\Moodle Project\\m\\server\\moodle\\lib\\dml\\mysqli_native_moodle_database.php on line 83, referer: http://localhost/install.php
[Tue Mar 01 12:03:15.591311 2022] [php7:warn] [pid 2256:tid 1864] [client ::1:56956] PHP Warning:  mysqli::__construct(): MySQL server has gone away in C:\\Users\\moshe\\Desktop\\Moodle Project\\m\\server\\moodle\\lib\\dml\\mysqli_native_moodle_database.php on line 83, referer: http://localhost/install.php
[Tue Mar 01 12:03:15.592336 2022] [php7:warn] [pid 2256:tid 1864] [client ::1:56956] PHP Warning:  mysqli::__construct(): Error while reading greeting packet. PID=2256 in C:\\Users\\moshe\\Desktop\\Moodle Project\\m\\server\\moodle\\lib\\dml\\mysqli_native_moodle_database.php on line 83, referer: http://localhost/install.php
[Tue Mar 01 12:03:15.592336 2022] [php7:warn] [pid 2256:tid 1864] [client ::1:56956] PHP Warning:  mysqli::__construct(): (HY000/2006): MySQL server has gone away in C:\\Users\\moshe\\Desktop\\Moodle Project\\m\\server\\moodle\\lib\\dml\\mysqli_native_moodle_database.php on line 83, referer: http://localhost/install.php
[Tue Mar 01 12:03:15.749231 2022] [php7:warn] [pid 2256:tid 1856] [client ::1:56959] PHP Warning:  mysqli::__construct(): MySQL server has gone away in C:\\Users\\moshe\\Desktop\\Moodle Project\\m\\server\\moodle\\lib\\dml\\mysqli_native_moodle_database.php on line 83, referer: http://localhost/install.php
[Tue Mar 01 12:03:15.749231 2022] [php7:warn] [pid 2256:tid 1860] [client ::1:56958] PHP Warning:  mysqli::__construct(): MySQL server has gone away in C:\\Users\\moshe\\Desktop\\Moodle Project\\m\\server\\moodle\\lib\\dml\\mysqli_native_moodle_database.php on line 83, referer: http://localhost/install.php
[Tue Mar 01 12:03:15.750228 2022] [php7:warn] [pid 2256:tid 1856] [client ::1:56959] PHP Warning:  mysqli::__construct(): Error while reading greeting packet. PID=2256 in C:\\Users\\moshe\\Desktop\\Moodle Project\\m\\server\\moodle\\lib\\dml\\mysqli_native_moodle_database.php on line 83, referer: http://localhost/install.php
[Tue Mar 01 12:03:15.750228 2022] [php7:warn] [pid 2256:tid 1860] [client ::1:56958] PHP Warning:  mysqli::__construct(): Error while reading greeting packet. PID=2256 in C:\\Users\\moshe\\Desktop\\Moodle Project\\m\\server\\moodle\\lib\\dml\\mysqli_native_moodle_database.php on line 83, referer: http://localhost/install.php
[Tue Mar 01 12:03:15.750228 2022] [php7:warn] [pid 2256:tid 1856] [client ::1:56959] PHP Warning:  mysqli::__construct(): (HY000/2006): MySQL server has gone away in C:\\Users\\moshe\\Desktop\\Moodle Project\\m\\server\\moodle\\lib\\dml\\mysqli_native_moodle_database.php on line 83, referer: http://localhost/install.php
[Tue Mar 01 12:03:15.750228 2022] [php7:warn] [pid 2256:tid 1860] [client ::1:56958] PHP Warning:  mysqli::__construct(): (HY000/2006): MySQL server has gone away in C:\\Users\\moshe\\Desktop\\Moodle Project\\m\\server\\moodle\\lib\\dml\\mysqli_native_moodle_database.php on line 83, referer: http://localhost/install.php
[Tue Mar 01 12:03:15.938636 2022] [php7:warn] [pid 2256:tid 1852] [client ::1:56960] PHP Warning:  mysqli::__construct(): MySQL server has gone away in C:\\Users\\moshe\\Desktop\\Moodle Project\\m\\server\\moodle\\lib\\dml\\mysqli_native_moodle_database.php on line 83, referer: http://localhost/install.php
[Tue Mar 01 12:03:15.939657 2022] [php7:warn] [pid 2256:tid 1852] [client ::1:56960] PHP Warning:  mysqli::__construct(): Error while reading greeting packet. PID=2256 in C:\\Users\\moshe\\Desktop\\Moodle Project\\m\\server\\moodle\\lib\\dml\\mysqli_native_moodle_database.php on line 83, referer: http://localhost/install.php
[Tue Mar 01 12:03:15.940655 2022] [php7:warn] [pid 2256:tid 1852] [client ::1:56960] PHP Warning:  mysqli::__construct(): (HY000/2006): MySQL server has gone away in C:\\Users\\moshe\\Desktop\\Moodle Project\\m\\server\\moodle\\lib\\dml\\mysqli_native_moodle_database.php on line 83, referer: http://localhost/install.php
[Tue Mar 01 12:04:34.176058 2022] [php7:warn] [pid 2256:tid 1848] [client ::1:57013] PHP Warning:  mysqli::__construct(): MySQL server has gone away in C:\\Users\\moshe\\Desktop\\Moodle Project\\m\\server\\moodle\\lib\\dml\\mysqli_native_moodle_database.php on line 83, referer: http://localhost/install.php
[Tue Mar 01 12:04:34.177056 2022] [php7:warn] [pid 2256:tid 1848] [client ::1:57013] PHP Warning:  mysqli::__construct(): Error while reading greeting packet. PID=2256 in C:\\Users\\moshe\\Desktop\\Moodle Project\\m\\server\\moodle\\lib\\dml\\mysqli_native_moodle_database.php on line 83, referer: http://localhost/install.php
[Tue Mar 01 12:04:34.178056 2022] [php7:warn] [pid 2256:tid 1848] [client ::1:57013] PHP Warning:  mysqli::__construct(): (HY000/2006): MySQL server has gone away in C:\\Users\\moshe\\Desktop\\Moodle Project\\m\\server\\moodle\\lib\\dml\\mysqli_native_moodle_database.php on line 83, referer: http://localhost/install.php
[Tue Mar 01 12:38:15.918457 2022] [mpm_winnt:notice] [pid 19100:tid 576] AH00422: Parent: Received shutdown signal -- Shutting down the server.
[Tue Mar 01 12:38:17.948338 2022] [mpm_winnt:notice] [pid 2256:tid 596] AH00364: Child: All worker threads have exited.
[Tue Mar 01 12:38:17.991659 2022] [mpm_winnt:notice] [pid 19100:tid 576] AH00430: Parent: Child process 2256 exited successfully.
[Tue Mar 01 13:09:36.261337 2022] [ssl:warn] [pid 10264:tid 588] AH01909: www.example.com:443:0 server certificate does NOT include an ID which matches the server name
[Tue Mar 01 13:09:36.311203 2022] [ssl:warn] [pid 10264:tid 588] AH01909: www.example.com:443:0 server certificate does NOT include an ID which matches the server name
PHP Warning:  Module 'openssl' already loaded in Unknown on line 0
[Tue Mar 01 13:09:36.348105 2022] [mpm_winnt:notice] [pid 10264:tid 588] AH00455: Apache/2.4.41 (Win64) OpenSSL/1.1.1c PHP/7.3.11 configured -- resuming normal operations
[Tue Mar 01 13:09:36.348105 2022] [mpm_winnt:notice] [pid 10264:tid 588] AH00456: Apache Lounge VC15 Server built: Aug 11 2019 12:20:04
[Tue Mar 01 13:09:36.348105 2022] [core:notice] [pid 10264:tid 588] AH00094: Command line: 'apache\\bin\\httpd.exe -d C:/Users/moshe/Desktop/Moodle Project/m/server/apache -f conf\\httpd.conf'
[Tue Mar 01 13:09:36.352094 2022] [mpm_winnt:notice] [pid 10264:tid 588] AH00418: Parent: Created child process 712
Apache server shutdown initiated...
sl:warn] [pid 712:tid 604] AH01909: www.example.com:443:0 server certificate does NOT include an ID which matches the server name
[Tue Mar 01 13:09:37.452212 2022] [ssl:warn] [pid 712:tid 604] AH01909: www.example.com:443:0 server certificate does NOT include an ID which matches the server name
PHP Warning:  Module 'openssl' already loaded in Unknown on line 0
[Tue Mar 01 13:09:37.481109 2022] [mpm_winnt:notice] [pid 712:tid 604] AH00354: Child: Starting 150 worker threads.
[Tue Mar 01 22:45:08.640957 2022] [mpm_winnt:notice] [pid 10264:tid 588] AH00422: Parent: Received shutdown signal -- Shutting down the server.
[Tue Mar 01 22:45:10.663591 2022] [mpm_winnt:notice] [pid 712:tid 604] AH00364: Child: All worker threads have exited.
[Tue Mar 01 22:45:10.739310 2022] [mpm_winnt:notice] [pid 10264:tid 588] AH00430: Parent: Child process 712 exited successfully.
