2022-03-01 11:47:04 0 [Warning] The parameter innodb_large_prefix is deprecated and has no effect. It may be removed in future releases. See https://mariadb.com/kb/en/library/xtradbinnodb-file-format/
InnoDB: using atomic writes.
2022-03-01 11:47:04 0 [Note] InnoDB: Mutexes and rw_locks use Windows interlocked functions
2022-03-01 11:47:04 0 [Note] InnoDB: Uses event mutexes
2022-03-01 11:47:04 0 [Note] InnoDB: Compressed tables use zlib 1.2.11
2022-03-01 11:47:04 0 [Note] InnoDB: Number of pools: 1
2022-03-01 11:47:04 0 [Note] InnoDB: Using SSE2 crc32 instructions
2022-03-01 11:47:04 0 [Note] InnoDB: Initializing buffer pool, total size = 256M, instances = 1, chunk size = 128M
2022-03-01 11:47:04 0 [Note] InnoDB: Completed initialization of buffer pool
2022-03-01 11:47:04 0 [Note] InnoDB: Starting crash recovery from checkpoint LSN=300288
2022-03-01 11:47:04 0 [Note] InnoDB: Resizing redo log from 2*5242880 to 2*67108864 bytes; LSN=300306
2022-03-01 11:47:04 0 [Note] InnoDB: Starting to delete and rewrite log files.
2022-03-01 11:47:04 0 [Note] InnoDB: Setting log file C:\Users\moshe\Desktop\Moodle Project\m\server\mysql\data\ib_logfile101 size to 67108864 bytes
2022-03-01 11:47:04 0 [Note] InnoDB: Setting log file C:\Users\moshe\Desktop\Moodle Project\m\server\mysql\data\ib_logfile1 size to 67108864 bytes
2022-03-01 11:47:04 0 [Note] InnoDB: Renaming log file C:\Users\moshe\Desktop\Moodle Project\m\server\mysql\data\ib_logfile101 to C:\Users\moshe\Desktop\Moodle Project\m\server\mysql\data\ib_logfile0
2022-03-01 11:47:04 0 [Note] InnoDB: New log files created, LSN=300306
2022-03-01 11:47:04 0 [ERROR] InnoDB: Operating system error number 3 in a file operation.
2022-03-01 11:47:04 0 [ERROR] InnoDB: The error means the system cannot find the path specified.
2022-03-01 11:47:04 0 [ERROR] InnoDB: If you are installing InnoDB, remember that you must create directories yourself, InnoDB does not create them.
2022-03-01 11:47:04 0 [ERROR] InnoDB: Cannot open datafile for read-only: '.\phpmyadmin\pma__bookmark.ibd' OS error: 203
2022-03-01 11:47:04 0 [ERROR] InnoDB: Operating system error number 203 in a file operation.
2022-03-01 11:47:04 0 [Note] InnoDB: Some operating system error numbers are described at https://mariadb.com/kb/en/library/operating-system-error-codes/
2022-03-01 11:47:04 0 [ERROR] InnoDB: Could not find a valid tablespace file for ``phpmyadmin`.`pma__bookmark``. Please refer to https://mariadb.com/kb/en/innodb-data-dictionary-troubleshooting/ for how to resolve the issue.
2022-03-01 11:47:04 0 [Warning] InnoDB: Ignoring tablespace for `phpmyadmin`.`pma__bookmark` because it could not be opened.
2022-03-01 11:47:04 0 [ERROR] InnoDB: Operating system error number 3 in a file operation.
2022-03-01 11:47:04 0 [ERROR] InnoDB: The error means the system cannot find the path specified.
2022-03-01 11:47:04 0 [ERROR] InnoDB: If you are installing InnoDB, remember that you must create directories yourself, InnoDB does not create them.
2022-03-01 11:47:04 0 [ERROR] InnoDB: Cannot open datafile for read-only: '.\phpmyadmin\pma__central_columns.ibd' OS error: 203
2022-03-01 11:47:04 0 [ERROR] InnoDB: Operating system error number 203 in a file operation.
2022-03-01 11:47:04 0 [Note] InnoDB: Some operating system error numbers are described at https://mariadb.com/kb/en/library/operating-system-error-codes/
2022-03-01 11:47:04 0 [ERROR] InnoDB: Could not find a valid tablespace file for ``phpmyadmin`.`pma__central_columns``. Please refer to https://mariadb.com/kb/en/innodb-data-dictionary-troubleshooting/ for how to resolve the issue.
2022-03-01 11:47:04 0 [Warning] InnoDB: Ignoring tablespace for `phpmyadmin`.`pma__central_columns` because it could not be opened.
2022-03-01 11:47:04 0 [ERROR] InnoDB: Operating system error number 3 in a file operation.
2022-03-01 11:47:04 0 [ERROR] InnoDB: The error means the system cannot find the path specified.
2022-03-01 11:47:04 0 [ERROR] InnoDB: If you are installing InnoDB, remember that you must create directories yourself, InnoDB does not create them.
2022-03-01 11:47:04 0 [ERROR] InnoDB: Cannot open datafile for read-only: '.\phpmyadmin\pma__column_info.ibd' OS error: 203
2022-03-01 11:47:04 0 [ERROR] InnoDB: Operating system error number 203 in a file operation.
2022-03-01 11:47:04 0 [Note] InnoDB: Some operating system error numbers are described at https://mariadb.com/kb/en/library/operating-system-error-codes/
2022-03-01 11:47:04 0 [ERROR] InnoDB: Could not find a valid tablespace file for ``phpmyadmin`.`pma__column_info``. Please refer to https://mariadb.com/kb/en/innodb-data-dictionary-troubleshooting/ for how to resolve the issue.
2022-03-01 11:47:04 0 [Warning] InnoDB: Ignoring tablespace for `phpmyadmin`.`pma__column_info` because it could not be opened.
2022-03-01 11:47:04 0 [ERROR] InnoDB: Operating system error number 3 in a file operation.
2022-03-01 11:47:04 0 [ERROR] InnoDB: The error means the system cannot find the path specified.
2022-03-01 11:47:04 0 [ERROR] InnoDB: If you are installing InnoDB, remember that you must create directories yourself, InnoDB does not create them.
2022-03-01 11:47:04 0 [ERROR] InnoDB: Cannot open datafile for read-only: '.\phpmyadmin\pma__designer_settings.ibd' OS error: 203
2022-03-01 11:47:04 0 [ERROR] InnoDB: Operating system error number 203 in a file operation.
2022-03-01 11:47:04 0 [Note] InnoDB: Some operating system error numbers are described at https://mariadb.com/kb/en/library/operating-system-error-codes/
2022-03-01 11:47:04 0 [ERROR] InnoDB: Could not find a valid tablespace file for ``phpmyadmin`.`pma__designer_settings``. Please refer to https://mariadb.com/kb/en/innodb-data-dictionary-troubleshooting/ for how to resolve the issue.
2022-03-01 11:47:04 0 [Warning] InnoDB: Ignoring tablespace for `phpmyadmin`.`pma__designer_settings` because it could not be opened.
2022-03-01 11:47:04 0 [ERROR] InnoDB: Operating system error number 3 in a file operation.
2022-03-01 11:47:04 0 [ERROR] InnoDB: The error means the system cannot find the path specified.
2022-03-01 11:47:04 0 [ERROR] InnoDB: If you are installing InnoDB, remember that you must create directories yourself, InnoDB does not create them.
2022-03-01 11:47:04 0 [ERROR] InnoDB: Cannot open datafile for read-only: '.\phpmyadmin\pma__export_templates.ibd' OS error: 203
2022-03-01 11:47:04 0 [ERROR] InnoDB: Operating system error number 203 in a file operation.
2022-03-01 11:47:04 0 [Note] InnoDB: Some operating system error numbers are described at https://mariadb.com/kb/en/library/operating-system-error-codes/
2022-03-01 11:47:04 0 [ERROR] InnoDB: Could not find a valid tablespace file for ``phpmyadmin`.`pma__export_templates``. Please refer to https://mariadb.com/kb/en/innodb-data-dictionary-troubleshooting/ for how to resolve the issue.
2022-03-01 11:47:04 0 [Warning] InnoDB: Ignoring tablespace for `phpmyadmin`.`pma__export_templates` because it could not be opened.
2022-03-01 11:47:04 0 [ERROR] InnoDB: Operating system error number 3 in a file operation.
2022-03-01 11:47:04 0 [ERROR] InnoDB: The error means the system cannot find the path specified.
2022-03-01 11:47:04 0 [ERROR] InnoDB: If you are installing InnoDB, remember that you must create directories yourself, InnoDB does not create them.
2022-03-01 11:47:04 0 [ERROR] InnoDB: Cannot open datafile for read-only: '.\phpmyadmin\pma__favorite.ibd' OS error: 203
2022-03-01 11:47:04 0 [ERROR] InnoDB: Operating system error number 203 in a file operation.
2022-03-01 11:47:04 0 [Note] InnoDB: Some operating system error numbers are described at https://mariadb.com/kb/en/library/operating-system-error-codes/
2022-03-01 11:47:04 0 [ERROR] InnoDB: Could not find a valid tablespace file for ``phpmyadmin`.`pma__favorite``. Please refer to https://mariadb.com/kb/en/innodb-data-dictionary-troubleshooting/ for how to resolve the issue.
2022-03-01 11:47:04 0 [Warning] InnoDB: Ignoring tablespace for `phpmyadmin`.`pma__favorite` because it could not be opened.
2022-03-01 11:47:04 0 [ERROR] InnoDB: Operating system error number 3 in a file operation.
2022-03-01 11:47:04 0 [ERROR] InnoDB: The error means the system cannot find the path specified.
2022-03-01 11:47:04 0 [ERROR] InnoDB: If you are installing InnoDB, remember that you must create directories yourself, InnoDB does not create them.
2022-03-01 11:47:04 0 [ERROR] InnoDB: Cannot open datafile for read-only: '.\phpmyadmin\pma__history.ibd' OS error: 203
2022-03-01 11:47:04 0 [ERROR] InnoDB: Operating system error number 203 in a file operation.
2022-03-01 11:47:04 0 [Note] InnoDB: Some operating system error numbers are described at https://mariadb.com/kb/en/library/operating-system-error-codes/
2022-03-01 11:47:04 0 [ERROR] InnoDB: Could not find a valid tablespace file for ``phpmyadmin`.`pma__history``. Please refer to https://mariadb.com/kb/en/innodb-data-dictionary-troubleshooting/ for how to resolve the issue.
2022-03-01 11:47:04 0 [Warning] InnoDB: Ignoring tablespace for `phpmyadmin`.`pma__history` because it could not be opened.
2022-03-01 11:47:04 0 [ERROR] InnoDB: Operating system error number 3 in a file operation.
2022-03-01 11:47:04 0 [ERROR] InnoDB: The error means the system cannot find the path specified.
2022-03-01 11:47:04 0 [ERROR] InnoDB: If you are installing InnoDB, remember that you must create directories yourself, InnoDB does not create them.
2022-03-01 11:47:04 0 [ERROR] InnoDB: Cannot open datafile for read-only: '.\phpmyadmin\pma__navigationhiding.ibd' OS error: 203
2022-03-01 11:47:04 0 [ERROR] InnoDB: Operating system error number 203 in a file operation.
2022-03-01 11:47:04 0 [Note] InnoDB: Some operating system error numbers are described at https://mariadb.com/kb/en/library/operating-system-error-codes/
2022-03-01 11:47:04 0 [ERROR] InnoDB: Could not find a valid tablespace file for ``phpmyadmin`.`pma__navigationhiding``. Please refer to https://mariadb.com/kb/en/innodb-data-dictionary-troubleshooting/ for how to resolve the issue.
2022-03-01 11:47:04 0 [Warning] InnoDB: Ignoring tablespace for `phpmyadmin`.`pma__navigationhiding` because it could not be opened.
2022-03-01 11:47:04 0 [ERROR] InnoDB: Operating system error number 3 in a file operation.
2022-03-01 11:47:04 0 [ERROR] InnoDB: The error means the system cannot find the path specified.
2022-03-01 11:47:04 0 [ERROR] InnoDB: If you are installing InnoDB, remember that you must create directories yourself, InnoDB does not create them.
2022-03-01 11:47:04 0 [ERROR] InnoDB: Cannot open datafile for read-only: '.\phpmyadmin\pma__pdf_pages.ibd' OS error: 203
2022-03-01 11:47:04 0 [ERROR] InnoDB: Operating system error number 203 in a file operation.
2022-03-01 11:47:04 0 [Note] InnoDB: Some operating system error numbers are described at https://mariadb.com/kb/en/library/operating-system-error-codes/
2022-03-01 11:47:04 0 [ERROR] InnoDB: Could not find a valid tablespace file for ``phpmyadmin`.`pma__pdf_pages``. Please refer to https://mariadb.com/kb/en/innodb-data-dictionary-troubleshooting/ for how to resolve the issue.
2022-03-01 11:47:04 0 [Warning] InnoDB: Ignoring tablespace for `phpmyadmin`.`pma__pdf_pages` because it could not be opened.
2022-03-01 11:47:04 0 [ERROR] InnoDB: Operating system error number 3 in a file operation.
2022-03-01 11:47:04 0 [ERROR] InnoDB: The error means the system cannot find the path specified.
2022-03-01 11:47:04 0 [ERROR] InnoDB: If you are installing InnoDB, remember that you must create directories yourself, InnoDB does not create them.
2022-03-01 11:47:04 0 [ERROR] InnoDB: Cannot open datafile for read-only: '.\phpmyadmin\pma__recent.ibd' OS error: 203
2022-03-01 11:47:04 0 [ERROR] InnoDB: Operating system error number 203 in a file operation.
2022-03-01 11:47:04 0 [Note] InnoDB: Some operating system error numbers are described at https://mariadb.com/kb/en/library/operating-system-error-codes/
2022-03-01 11:47:04 0 [ERROR] InnoDB: Could not find a valid tablespace file for ``phpmyadmin`.`pma__recent``. Please refer to https://mariadb.com/kb/en/innodb-data-dictionary-troubleshooting/ for how to resolve the issue.
2022-03-01 11:47:04 0 [Warning] InnoDB: Ignoring tablespace for `phpmyadmin`.`pma__recent` because it could not be opened.
2022-03-01 11:47:04 0 [ERROR] InnoDB: Operating system error number 3 in a file operation.
2022-03-01 11:47:04 0 [ERROR] InnoDB: The error means the system cannot find the path specified.
2022-03-01 11:47:04 0 [ERROR] InnoDB: If you are installing InnoDB, remember that you must create directories yourself, InnoDB does not create them.
2022-03-01 11:47:04 0 [ERROR] InnoDB: Cannot open datafile for read-only: '.\phpmyadmin\pma__relation.ibd' OS error: 203
2022-03-01 11:47:04 0 [ERROR] InnoDB: Operating system error number 203 in a file operation.
2022-03-01 11:47:04 0 [Note] InnoDB: Some operating system error numbers are described at https://mariadb.com/kb/en/library/operating-system-error-codes/
2022-03-01 11:47:04 0 [ERROR] InnoDB: Could not find a valid tablespace file for ``phpmyadmin`.`pma__relation``. Please refer to https://mariadb.com/kb/en/innodb-data-dictionary-troubleshooting/ for how to resolve the issue.
2022-03-01 11:47:04 0 [Warning] InnoDB: Ignoring tablespace for `phpmyadmin`.`pma__relation` because it could not be opened.
2022-03-01 11:47:04 0 [ERROR] InnoDB: Operating system error number 3 in a file operation.
2022-03-01 11:47:04 0 [ERROR] InnoDB: The error means the system cannot find the path specified.
2022-03-01 11:47:04 0 [ERROR] InnoDB: If you are installing InnoDB, remember that you must create directories yourself, InnoDB does not create them.
2022-03-01 11:47:04 0 [ERROR] InnoDB: Cannot open datafile for read-only: '.\phpmyadmin\pma__savedsearches.ibd' OS error: 203
2022-03-01 11:47:04 0 [ERROR] InnoDB: Operating system error number 203 in a file operation.
2022-03-01 11:47:04 0 [Note] InnoDB: Some operating system error numbers are described at https://mariadb.com/kb/en/library/operating-system-error-codes/
2022-03-01 11:47:04 0 [ERROR] InnoDB: Could not find a valid tablespace file for ``phpmyadmin`.`pma__savedsearches``. Please refer to https://mariadb.com/kb/en/innodb-data-dictionary-troubleshooting/ for how to resolve the issue.
2022-03-01 11:47:04 0 [Warning] InnoDB: Ignoring tablespace for `phpmyadmin`.`pma__savedsearches` because it could not be opened.
2022-03-01 11:47:04 0 [ERROR] InnoDB: Operating system error number 3 in a file operation.
2022-03-01 11:47:04 0 [ERROR] InnoDB: The error means the system cannot find the path specified.
2022-03-01 11:47:04 0 [ERROR] InnoDB: If you are installing InnoDB, remember that you must create directories yourself, InnoDB does not create them.
2022-03-01 11:47:04 0 [ERROR] InnoDB: Cannot open datafile for read-only: '.\phpmyadmin\pma__table_coords.ibd' OS error: 203
2022-03-01 11:47:04 0 [ERROR] InnoDB: Operating system error number 203 in a file operation.
2022-03-01 11:47:04 0 [Note] InnoDB: Some operating system error numbers are described at https://mariadb.com/kb/en/library/operating-system-error-codes/
2022-03-01 11:47:04 0 [ERROR] InnoDB: Could not find a valid tablespace file for ``phpmyadmin`.`pma__table_coords``. Please refer to https://mariadb.com/kb/en/innodb-data-dictionary-troubleshooting/ for how to resolve the issue.
2022-03-01 11:47:04 0 [Warning] InnoDB: Ignoring tablespace for `phpmyadmin`.`pma__table_coords` because it could not be opened.
2022-03-01 11:47:04 0 [ERROR] InnoDB: Operating system error number 3 in a file operation.
2022-03-01 11:47:04 0 [ERROR] InnoDB: The error means the system cannot find the path specified.
2022-03-01 11:47:04 0 [ERROR] InnoDB: If you are installing InnoDB, remember that you must create directories yourself, InnoDB does not create them.
2022-03-01 11:47:04 0 [ERROR] InnoDB: Cannot open datafile for read-only: '.\phpmyadmin\pma__table_info.ibd' OS error: 203
2022-03-01 11:47:04 0 [ERROR] InnoDB: Operating system error number 203 in a file operation.
2022-03-01 11:47:04 0 [Note] InnoDB: Some operating system error numbers are described at https://mariadb.com/kb/en/library/operating-system-error-codes/
2022-03-01 11:47:04 0 [ERROR] InnoDB: Could not find a valid tablespace file for ``phpmyadmin`.`pma__table_info``. Please refer to https://mariadb.com/kb/en/innodb-data-dictionary-troubleshooting/ for how to resolve the issue.
2022-03-01 11:47:04 0 [Warning] InnoDB: Ignoring tablespace for `phpmyadmin`.`pma__table_info` because it could not be opened.
2022-03-01 11:47:04 0 [ERROR] InnoDB: Operating system error number 3 in a file operation.
2022-03-01 11:47:04 0 [ERROR] InnoDB: The error means the system cannot find the path specified.
2022-03-01 11:47:04 0 [ERROR] InnoDB: If you are installing InnoDB, remember that you must create directories yourself, InnoDB does not create them.
2022-03-01 11:47:04 0 [ERROR] InnoDB: Cannot open datafile for read-only: '.\phpmyadmin\pma__table_uiprefs.ibd' OS error: 203
2022-03-01 11:47:04 0 [ERROR] InnoDB: Operating system error number 203 in a file operation.
2022-03-01 11:47:04 0 [Note] InnoDB: Some operating system error numbers are described at https://mariadb.com/kb/en/library/operating-system-error-codes/
2022-03-01 11:47:04 0 [ERROR] InnoDB: Could not find a valid tablespace file for ``phpmyadmin`.`pma__table_uiprefs``. Please refer to https://mariadb.com/kb/en/innodb-data-dictionary-troubleshooting/ for how to resolve the issue.
2022-03-01 11:47:04 0 [Warning] InnoDB: Ignoring tablespace for `phpmyadmin`.`pma__table_uiprefs` because it could not be opened.
2022-03-01 11:47:04 0 [ERROR] InnoDB: Operating system error number 3 in a file operation.
2022-03-01 11:47:04 0 [ERROR] InnoDB: The error means the system cannot find the path specified.
2022-03-01 11:47:04 0 [ERROR] InnoDB: If you are installing InnoDB, remember that you must create directories yourself, InnoDB does not create them.
2022-03-01 11:47:04 0 [ERROR] InnoDB: Cannot open datafile for read-only: '.\phpmyadmin\pma__tracking.ibd' OS error: 203
2022-03-01 11:47:04 0 [ERROR] InnoDB: Operating system error number 203 in a file operation.
2022-03-01 11:47:04 0 [Note] InnoDB: Some operating system error numbers are described at https://mariadb.com/kb/en/library/operating-system-error-codes/
2022-03-01 11:47:04 0 [ERROR] InnoDB: Could not find a valid tablespace file for ``phpmyadmin`.`pma__tracking``. Please refer to https://mariadb.com/kb/en/innodb-data-dictionary-troubleshooting/ for how to resolve the issue.
2022-03-01 11:47:04 0 [Warning] InnoDB: Ignoring tablespace for `phpmyadmin`.`pma__tracking` because it could not be opened.
2022-03-01 11:47:04 0 [ERROR] InnoDB: Operating system error number 3 in a file operation.
2022-03-01 11:47:04 0 [ERROR] InnoDB: The error means the system cannot find the path specified.
2022-03-01 11:47:04 0 [ERROR] InnoDB: If you are installing InnoDB, remember that you must create directories yourself, InnoDB does not create them.
2022-03-01 11:47:04 0 [ERROR] InnoDB: Cannot open datafile for read-only: '.\phpmyadmin\pma__userconfig.ibd' OS error: 203
2022-03-01 11:47:04 0 [ERROR] InnoDB: Operating system error number 203 in a file operation.
2022-03-01 11:47:04 0 [Note] InnoDB: Some operating system error numbers are described at https://mariadb.com/kb/en/library/operating-system-error-codes/
2022-03-01 11:47:04 0 [ERROR] InnoDB: Could not find a valid tablespace file for ``phpmyadmin`.`pma__userconfig``. Please refer to https://mariadb.com/kb/en/innodb-data-dictionary-troubleshooting/ for how to resolve the issue.
2022-03-01 11:47:04 0 [Warning] InnoDB: Ignoring tablespace for `phpmyadmin`.`pma__userconfig` because it could not be opened.
2022-03-01 11:47:04 0 [ERROR] InnoDB: Operating system error number 3 in a file operation.
2022-03-01 11:47:04 0 [ERROR] InnoDB: The error means the system cannot find the path specified.
2022-03-01 11:47:04 0 [ERROR] InnoDB: If you are installing InnoDB, remember that you must create directories yourself, InnoDB does not create them.
2022-03-01 11:47:04 0 [ERROR] InnoDB: Cannot open datafile for read-only: '.\phpmyadmin\pma__usergroups.ibd' OS error: 203
2022-03-01 11:47:04 0 [ERROR] InnoDB: Operating system error number 203 in a file operation.
2022-03-01 11:47:04 0 [Note] InnoDB: Some operating system error numbers are described at https://mariadb.com/kb/en/library/operating-system-error-codes/
2022-03-01 11:47:04 0 [ERROR] InnoDB: Could not find a valid tablespace file for ``phpmyadmin`.`pma__usergroups``. Please refer to https://mariadb.com/kb/en/innodb-data-dictionary-troubleshooting/ for how to resolve the issue.
2022-03-01 11:47:04 0 [Warning] InnoDB: Ignoring tablespace for `phpmyadmin`.`pma__usergroups` because it could not be opened.
2022-03-01 11:47:04 0 [ERROR] InnoDB: Operating system error number 3 in a file operation.
2022-03-01 11:47:04 0 [ERROR] InnoDB: The error means the system cannot find the path specified.
2022-03-01 11:47:04 0 [ERROR] InnoDB: If you are installing InnoDB, remember that you must create directories yourself, InnoDB does not create them.
2022-03-01 11:47:04 0 [ERROR] InnoDB: Cannot open datafile for read-only: '.\phpmyadmin\pma__users.ibd' OS error: 203
2022-03-01 11:47:04 0 [ERROR] InnoDB: Operating system error number 203 in a file operation.
2022-03-01 11:47:04 0 [Note] InnoDB: Some operating system error numbers are described at https://mariadb.com/kb/en/library/operating-system-error-codes/
2022-03-01 11:47:04 0 [ERROR] InnoDB: Could not find a valid tablespace file for ``phpmyadmin`.`pma__users``. Please refer to https://mariadb.com/kb/en/innodb-data-dictionary-troubleshooting/ for how to resolve the issue.
2022-03-01 11:47:04 0 [Warning] InnoDB: Ignoring tablespace for `phpmyadmin`.`pma__users` because it could not be opened.
2022-03-01 11:47:04 0 [Note] InnoDB: 128 out of 128 rollback segments are active.
2022-03-01 11:47:04 0 [Note] InnoDB: Removed temporary tablespace data file: "ibtmp1"
2022-03-01 11:47:04 0 [Note] InnoDB: Creating shared tablespace for temporary tables
2022-03-01 11:47:04 0 [Note] InnoDB: Setting file 'C:\Users\moshe\Desktop\Moodle Project\m\server\mysql\data\ibtmp1' size to 12 MB. Physically writing the file full; Please wait ...
2022-03-01 11:47:04 0 [Note] InnoDB: File 'C:\Users\moshe\Desktop\Moodle Project\m\server\mysql\data\ibtmp1' size is now 12 MB.
2022-03-01 11:47:04 0 [Note] InnoDB: Waiting for purge to start
2022-03-01 11:47:04 3 [ERROR] InnoDB: Failed to find tablespace for table `phpmyadmin`.`pma__userconfig` in the cache. Attempting to load the tablespace with space id 16
2022-03-01 11:47:04 3 [ERROR] InnoDB: Operating system error number 3 in a file operation.
2022-03-01 11:47:04 3 [ERROR] InnoDB: The error means the system cannot find the path specified.
2022-03-01 11:47:04 3 [ERROR] InnoDB: If you are installing InnoDB, remember that you must create directories yourself, InnoDB does not create them.
2022-03-01 11:47:04 3 [ERROR] InnoDB: Cannot open datafile for read-only: '.\phpmyadmin\pma__userconfig.ibd' OS error: 203
2022-03-01 11:47:04 3 [ERROR] InnoDB: Operating system error number 203 in a file operation.
2022-03-01 11:47:04 3 [Note] InnoDB: Some operating system error numbers are described at https://mariadb.com/kb/en/library/operating-system-error-codes/
2022-03-01 11:47:04 3 [ERROR] InnoDB: Could not find a valid tablespace file for ``phpmyadmin`.`pma__userconfig``. Please refer to https://mariadb.com/kb/en/innodb-data-dictionary-troubleshooting/ for how to resolve the issue.
2022-03-01 11:47:04 0 [Note] InnoDB: 10.4.8 started; log sequence number 300306; transaction id 171
2022-03-01 11:47:04 0 [Note] Plugin 'FEEDBACK' is disabled.
2022-03-01 11:47:04 0 [Note] InnoDB: Loading buffer pool(s) from C:\Users\moshe\Desktop\Moodle Project\m\server\mysql\data\ib_buffer_pool
2022-03-01 11:47:04 0 [Note] Server socket created on IP: '::'.
2022-03-01 11:47:04 0 [ERROR] Can't start server: Bind on TCP/IP port. Got error: 10048: Only one usage of each socket address (protocol/network address/port) is normally permitted.

2022-03-01 11:47:04 0 [ERROR] Do you already have another mysqld server running on port: 3306 ?
2022-03-01 11:47:04 0 [ERROR] Aborting
2022-03-01 11:54:50 0 [Warning] The parameter innodb_large_prefix is deprecated and has no effect. It may be removed in future releases. See https://mariadb.com/kb/en/library/xtradbinnodb-file-format/
InnoDB: using atomic writes.
2022-03-01 11:54:50 0 [Note] InnoDB: Mutexes and rw_locks use Windows interlocked functions
2022-03-01 11:54:50 0 [Note] InnoDB: Uses event mutexes
2022-03-01 11:54:50 0 [Note] InnoDB: Compressed tables use zlib 1.2.11
2022-03-01 11:54:50 0 [Note] InnoDB: Number of pools: 1
2022-03-01 11:54:50 0 [Note] InnoDB: Using SSE2 crc32 instructions
2022-03-01 11:54:50 0 [Note] InnoDB: Initializing buffer pool, total size = 256M, instances = 1, chunk size = 128M
2022-03-01 11:54:50 0 [Note] InnoDB: Completed initialization of buffer pool
2022-03-01 11:54:50 0 [ERROR] InnoDB: Operating system error number 3 in a file operation.
2022-03-01 11:54:50 0 [ERROR] InnoDB: The error means the system cannot find the path specified.
2022-03-01 11:54:50 0 [ERROR] InnoDB: If you are installing InnoDB, remember that you must create directories yourself, InnoDB does not create them.
2022-03-01 11:54:50 0 [ERROR] InnoDB: Cannot open datafile for read-only: '.\phpmyadmin\pma__bookmark.ibd' OS error: 203
2022-03-01 11:54:50 0 [ERROR] InnoDB: Operating system error number 203 in a file operation.
2022-03-01 11:54:50 0 [Note] InnoDB: Some operating system error numbers are described at https://mariadb.com/kb/en/library/operating-system-error-codes/
2022-03-01 11:54:50 0 [ERROR] InnoDB: Could not find a valid tablespace file for ``phpmyadmin`.`pma__bookmark``. Please refer to https://mariadb.com/kb/en/innodb-data-dictionary-troubleshooting/ for how to resolve the issue.
2022-03-01 11:54:50 0 [Warning] InnoDB: Ignoring tablespace for `phpmyadmin`.`pma__bookmark` because it could not be opened.
2022-03-01 11:54:50 0 [ERROR] InnoDB: Operating system error number 3 in a file operation.
2022-03-01 11:54:50 0 [ERROR] InnoDB: The error means the system cannot find the path specified.
2022-03-01 11:54:50 0 [ERROR] InnoDB: If you are installing InnoDB, remember that you must create directories yourself, InnoDB does not create them.
2022-03-01 11:54:50 0 [ERROR] InnoDB: Cannot open datafile for read-only: '.\phpmyadmin\pma__central_columns.ibd' OS error: 203
2022-03-01 11:54:50 0 [ERROR] InnoDB: Operating system error number 203 in a file operation.
2022-03-01 11:54:50 0 [Note] InnoDB: Some operating system error numbers are described at https://mariadb.com/kb/en/library/operating-system-error-codes/
2022-03-01 11:54:50 0 [ERROR] InnoDB: Could not find a valid tablespace file for ``phpmyadmin`.`pma__central_columns``. Please refer to https://mariadb.com/kb/en/innodb-data-dictionary-troubleshooting/ for how to resolve the issue.
2022-03-01 11:54:50 0 [Warning] InnoDB: Ignoring tablespace for `phpmyadmin`.`pma__central_columns` because it could not be opened.
2022-03-01 11:54:50 0 [ERROR] InnoDB: Operating system error number 3 in a file operation.
2022-03-01 11:54:50 0 [ERROR] InnoDB: The error means the system cannot find the path specified.
2022-03-01 11:54:50 0 [ERROR] InnoDB: If you are installing InnoDB, remember that you must create directories yourself, InnoDB does not create them.
2022-03-01 11:54:50 0 [ERROR] InnoDB: Cannot open datafile for read-only: '.\phpmyadmin\pma__column_info.ibd' OS error: 203
2022-03-01 11:54:50 0 [ERROR] InnoDB: Operating system error number 203 in a file operation.
2022-03-01 11:54:50 0 [Note] InnoDB: Some operating system error numbers are described at https://mariadb.com/kb/en/library/operating-system-error-codes/
2022-03-01 11:54:50 0 [ERROR] InnoDB: Could not find a valid tablespace file for ``phpmyadmin`.`pma__column_info``. Please refer to https://mariadb.com/kb/en/innodb-data-dictionary-troubleshooting/ for how to resolve the issue.
2022-03-01 11:54:50 0 [Warning] InnoDB: Ignoring tablespace for `phpmyadmin`.`pma__column_info` because it could not be opened.
2022-03-01 11:54:50 0 [ERROR] InnoDB: Operating system error number 3 in a file operation.
2022-03-01 11:54:50 0 [ERROR] InnoDB: The error means the system cannot find the path specified.
2022-03-01 11:54:50 0 [ERROR] InnoDB: If you are installing InnoDB, remember that you must create directories yourself, InnoDB does not create them.
2022-03-01 11:54:50 0 [ERROR] InnoDB: Cannot open datafile for read-only: '.\phpmyadmin\pma__designer_settings.ibd' OS error: 203
2022-03-01 11:54:50 0 [ERROR] InnoDB: Operating system error number 203 in a file operation.
2022-03-01 11:54:50 0 [Note] InnoDB: Some operating system error numbers are described at https://mariadb.com/kb/en/library/operating-system-error-codes/
2022-03-01 11:54:50 0 [ERROR] InnoDB: Could not find a valid tablespace file for ``phpmyadmin`.`pma__designer_settings``. Please refer to https://mariadb.com/kb/en/innodb-data-dictionary-troubleshooting/ for how to resolve the issue.
2022-03-01 11:54:50 0 [Warning] InnoDB: Ignoring tablespace for `phpmyadmin`.`pma__designer_settings` because it could not be opened.
2022-03-01 11:54:50 0 [ERROR] InnoDB: Operating system error number 3 in a file operation.
2022-03-01 11:54:50 0 [ERROR] InnoDB: The error means the system cannot find the path specified.
2022-03-01 11:54:50 0 [ERROR] InnoDB: If you are installing InnoDB, remember that you must create directories yourself, InnoDB does not create them.
2022-03-01 11:54:50 0 [ERROR] InnoDB: Cannot open datafile for read-only: '.\phpmyadmin\pma__export_templates.ibd' OS error: 203
2022-03-01 11:54:50 0 [ERROR] InnoDB: Operating system error number 203 in a file operation.
2022-03-01 11:54:50 0 [Note] InnoDB: Some operating system error numbers are described at https://mariadb.com/kb/en/library/operating-system-error-codes/
2022-03-01 11:54:50 0 [ERROR] InnoDB: Could not find a valid tablespace file for ``phpmyadmin`.`pma__export_templates``. Please refer to https://mariadb.com/kb/en/innodb-data-dictionary-troubleshooting/ for how to resolve the issue.
2022-03-01 11:54:50 0 [Warning] InnoDB: Ignoring tablespace for `phpmyadmin`.`pma__export_templates` because it could not be opened.
2022-03-01 11:54:50 0 [ERROR] InnoDB: Operating system error number 3 in a file operation.
2022-03-01 11:54:50 0 [ERROR] InnoDB: The error means the system cannot find the path specified.
2022-03-01 11:54:50 0 [ERROR] InnoDB: If you are installing InnoDB, remember that you must create directories yourself, InnoDB does not create them.
2022-03-01 11:54:50 0 [ERROR] InnoDB: Cannot open datafile for read-only: '.\phpmyadmin\pma__favorite.ibd' OS error: 203
2022-03-01 11:54:50 0 [ERROR] InnoDB: Operating system error number 203 in a file operation.
2022-03-01 11:54:50 0 [Note] InnoDB: Some operating system error numbers are described at https://mariadb.com/kb/en/library/operating-system-error-codes/
2022-03-01 11:54:50 0 [ERROR] InnoDB: Could not find a valid tablespace file for ``phpmyadmin`.`pma__favorite``. Please refer to https://mariadb.com/kb/en/innodb-data-dictionary-troubleshooting/ for how to resolve the issue.
2022-03-01 11:54:50 0 [Warning] InnoDB: Ignoring tablespace for `phpmyadmin`.`pma__favorite` because it could not be opened.
2022-03-01 11:54:50 0 [ERROR] InnoDB: Operating system error number 3 in a file operation.
2022-03-01 11:54:50 0 [ERROR] InnoDB: The error means the system cannot find the path specified.
2022-03-01 11:54:50 0 [ERROR] InnoDB: If you are installing InnoDB, remember that you must create directories yourself, InnoDB does not create them.
2022-03-01 11:54:50 0 [ERROR] InnoDB: Cannot open datafile for read-only: '.\phpmyadmin\pma__history.ibd' OS error: 203
2022-03-01 11:54:50 0 [ERROR] InnoDB: Operating system error number 203 in a file operation.
2022-03-01 11:54:50 0 [Note] InnoDB: Some operating system error numbers are described at https://mariadb.com/kb/en/library/operating-system-error-codes/
2022-03-01 11:54:50 0 [ERROR] InnoDB: Could not find a valid tablespace file for ``phpmyadmin`.`pma__history``. Please refer to https://mariadb.com/kb/en/innodb-data-dictionary-troubleshooting/ for how to resolve the issue.
2022-03-01 11:54:50 0 [Warning] InnoDB: Ignoring tablespace for `phpmyadmin`.`pma__history` because it could not be opened.
2022-03-01 11:54:50 0 [ERROR] InnoDB: Operating system error number 3 in a file operation.
2022-03-01 11:54:50 0 [ERROR] InnoDB: The error means the system cannot find the path specified.
2022-03-01 11:54:50 0 [ERROR] InnoDB: If you are installing InnoDB, remember that you must create directories yourself, InnoDB does not create them.
2022-03-01 11:54:50 0 [ERROR] InnoDB: Cannot open datafile for read-only: '.\phpmyadmin\pma__navigationhiding.ibd' OS error: 203
2022-03-01 11:54:50 0 [ERROR] InnoDB: Operating system error number 203 in a file operation.
2022-03-01 11:54:50 0 [Note] InnoDB: Some operating system error numbers are described at https://mariadb.com/kb/en/library/operating-system-error-codes/
2022-03-01 11:54:50 0 [ERROR] InnoDB: Could not find a valid tablespace file for ``phpmyadmin`.`pma__navigationhiding``. Please refer to https://mariadb.com/kb/en/innodb-data-dictionary-troubleshooting/ for how to resolve the issue.
2022-03-01 11:54:50 0 [Warning] InnoDB: Ignoring tablespace for `phpmyadmin`.`pma__navigationhiding` because it could not be opened.
2022-03-01 11:54:50 0 [ERROR] InnoDB: Operating system error number 3 in a file operation.
2022-03-01 11:54:50 0 [ERROR] InnoDB: The error means the system cannot find the path specified.
2022-03-01 11:54:50 0 [ERROR] InnoDB: If you are installing InnoDB, remember that you must create directories yourself, InnoDB does not create them.
2022-03-01 11:54:50 0 [ERROR] InnoDB: Cannot open datafile for read-only: '.\phpmyadmin\pma__pdf_pages.ibd' OS error: 203
2022-03-01 11:54:50 0 [ERROR] InnoDB: Operating system error number 203 in a file operation.
2022-03-01 11:54:50 0 [Note] InnoDB: Some operating system error numbers are described at https://mariadb.com/kb/en/library/operating-system-error-codes/
2022-03-01 11:54:50 0 [ERROR] InnoDB: Could not find a valid tablespace file for ``phpmyadmin`.`pma__pdf_pages``. Please refer to https://mariadb.com/kb/en/innodb-data-dictionary-troubleshooting/ for how to resolve the issue.
2022-03-01 11:54:50 0 [Warning] InnoDB: Ignoring tablespace for `phpmyadmin`.`pma__pdf_pages` because it could not be opened.
2022-03-01 11:54:50 0 [ERROR] InnoDB: Operating system error number 3 in a file operation.
2022-03-01 11:54:50 0 [ERROR] InnoDB: The error means the system cannot find the path specified.
2022-03-01 11:54:50 0 [ERROR] InnoDB: If you are installing InnoDB, remember that you must create directories yourself, InnoDB does not create them.
2022-03-01 11:54:50 0 [ERROR] InnoDB: Cannot open datafile for read-only: '.\phpmyadmin\pma__recent.ibd' OS error: 203
2022-03-01 11:54:50 0 [ERROR] InnoDB: Operating system error number 203 in a file operation.
2022-03-01 11:54:50 0 [Note] InnoDB: Some operating system error numbers are described at https://mariadb.com/kb/en/library/operating-system-error-codes/
2022-03-01 11:54:50 0 [ERROR] InnoDB: Could not find a valid tablespace file for ``phpmyadmin`.`pma__recent``. Please refer to https://mariadb.com/kb/en/innodb-data-dictionary-troubleshooting/ for how to resolve the issue.
2022-03-01 11:54:50 0 [Warning] InnoDB: Ignoring tablespace for `phpmyadmin`.`pma__recent` because it could not be opened.
2022-03-01 11:54:50 0 [ERROR] InnoDB: Operating system error number 3 in a file operation.
2022-03-01 11:54:50 0 [ERROR] InnoDB: The error means the system cannot find the path specified.
2022-03-01 11:54:50 0 [ERROR] InnoDB: If you are installing InnoDB, remember that you must create directories yourself, InnoDB does not create them.
2022-03-01 11:54:50 0 [ERROR] InnoDB: Cannot open datafile for read-only: '.\phpmyadmin\pma__relation.ibd' OS error: 203
2022-03-01 11:54:50 0 [ERROR] InnoDB: Operating system error number 203 in a file operation.
2022-03-01 11:54:50 0 [Note] InnoDB: Some operating system error numbers are described at https://mariadb.com/kb/en/library/operating-system-error-codes/
2022-03-01 11:54:50 0 [ERROR] InnoDB: Could not find a valid tablespace file for ``phpmyadmin`.`pma__relation``. Please refer to https://mariadb.com/kb/en/innodb-data-dictionary-troubleshooting/ for how to resolve the issue.
2022-03-01 11:54:50 0 [Warning] InnoDB: Ignoring tablespace for `phpmyadmin`.`pma__relation` because it could not be opened.
2022-03-01 11:54:50 0 [ERROR] InnoDB: Operating system error number 3 in a file operation.
2022-03-01 11:54:50 0 [ERROR] InnoDB: The error means the system cannot find the path specified.
2022-03-01 11:54:50 0 [ERROR] InnoDB: If you are installing InnoDB, remember that you must create directories yourself, InnoDB does not create them.
2022-03-01 11:54:50 0 [ERROR] InnoDB: Cannot open datafile for read-only: '.\phpmyadmin\pma__savedsearches.ibd' OS error: 203
2022-03-01 11:54:50 0 [ERROR] InnoDB: Operating system error number 203 in a file operation.
2022-03-01 11:54:50 0 [Note] InnoDB: Some operating system error numbers are described at https://mariadb.com/kb/en/library/operating-system-error-codes/
2022-03-01 11:54:50 0 [ERROR] InnoDB: Could not find a valid tablespace file for ``phpmyadmin`.`pma__savedsearches``. Please refer to https://mariadb.com/kb/en/innodb-data-dictionary-troubleshooting/ for how to resolve the issue.
2022-03-01 11:54:50 0 [Warning] InnoDB: Ignoring tablespace for `phpmyadmin`.`pma__savedsearches` because it could not be opened.
2022-03-01 11:54:50 0 [ERROR] InnoDB: Operating system error number 3 in a file operation.
2022-03-01 11:54:50 0 [ERROR] InnoDB: The error means the system cannot find the path specified.
2022-03-01 11:54:50 0 [ERROR] InnoDB: If you are installing InnoDB, remember that you must create directories yourself, InnoDB does not create them.
2022-03-01 11:54:50 0 [ERROR] InnoDB: Cannot open datafile for read-only: '.\phpmyadmin\pma__table_coords.ibd' OS error: 203
2022-03-01 11:54:50 0 [ERROR] InnoDB: Operating system error number 203 in a file operation.
2022-03-01 11:54:50 0 [Note] InnoDB: Some operating system error numbers are described at https://mariadb.com/kb/en/library/operating-system-error-codes/
2022-03-01 11:54:50 0 [ERROR] InnoDB: Could not find a valid tablespace file for ``phpmyadmin`.`pma__table_coords``. Please refer to https://mariadb.com/kb/en/innodb-data-dictionary-troubleshooting/ for how to resolve the issue.
2022-03-01 11:54:50 0 [Warning] InnoDB: Ignoring tablespace for `phpmyadmin`.`pma__table_coords` because it could not be opened.
2022-03-01 11:54:50 0 [ERROR] InnoDB: Operating system error number 3 in a file operation.
2022-03-01 11:54:50 0 [ERROR] InnoDB: The error means the system cannot find the path specified.
2022-03-01 11:54:50 0 [ERROR] InnoDB: If you are installing InnoDB, remember that you must create directories yourself, InnoDB does not create them.
2022-03-01 11:54:50 0 [ERROR] InnoDB: Cannot open datafile for read-only: '.\phpmyadmin\pma__table_info.ibd' OS error: 203
2022-03-01 11:54:50 0 [ERROR] InnoDB: Operating system error number 203 in a file operation.
2022-03-01 11:54:50 0 [Note] InnoDB: Some operating system error numbers are described at https://mariadb.com/kb/en/library/operating-system-error-codes/
2022-03-01 11:54:50 0 [ERROR] InnoDB: Could not find a valid tablespace file for ``phpmyadmin`.`pma__table_info``. Please refer to https://mariadb.com/kb/en/innodb-data-dictionary-troubleshooting/ for how to resolve the issue.
2022-03-01 11:54:50 0 [Warning] InnoDB: Ignoring tablespace for `phpmyadmin`.`pma__table_info` because it could not be opened.
2022-03-01 11:54:50 0 [ERROR] InnoDB: Operating system error number 3 in a file operation.
2022-03-01 11:54:50 0 [ERROR] InnoDB: The error means the system cannot find the path specified.
2022-03-01 11:54:50 0 [ERROR] InnoDB: If you are installing InnoDB, remember that you must create directories yourself, InnoDB does not create them.
2022-03-01 11:54:50 0 [ERROR] InnoDB: Cannot open datafile for read-only: '.\phpmyadmin\pma__table_uiprefs.ibd' OS error: 203
2022-03-01 11:54:50 0 [ERROR] InnoDB: Operating system error number 203 in a file operation.
2022-03-01 11:54:50 0 [Note] InnoDB: Some operating system error numbers are described at https://mariadb.com/kb/en/library/operating-system-error-codes/
2022-03-01 11:54:50 0 [ERROR] InnoDB: Could not find a valid tablespace file for ``phpmyadmin`.`pma__table_uiprefs``. Please refer to https://mariadb.com/kb/en/innodb-data-dictionary-troubleshooting/ for how to resolve the issue.
2022-03-01 11:54:50 0 [Warning] InnoDB: Ignoring tablespace for `phpmyadmin`.`pma__table_uiprefs` because it could not be opened.
2022-03-01 11:54:50 0 [ERROR] InnoDB: Operating system error number 3 in a file operation.
2022-03-01 11:54:50 0 [ERROR] InnoDB: The error means the system cannot find the path specified.
2022-03-01 11:54:50 0 [ERROR] InnoDB: If you are installing InnoDB, remember that you must create directories yourself, InnoDB does not create them.
2022-03-01 11:54:50 0 [ERROR] InnoDB: Cannot open datafile for read-only: '.\phpmyadmin\pma__tracking.ibd' OS error: 203
2022-03-01 11:54:50 0 [ERROR] InnoDB: Operating system error number 203 in a file operation.
2022-03-01 11:54:50 0 [Note] InnoDB: Some operating system error numbers are described at https://mariadb.com/kb/en/library/operating-system-error-codes/
2022-03-01 11:54:50 0 [ERROR] InnoDB: Could not find a valid tablespace file for ``phpmyadmin`.`pma__tracking``. Please refer to https://mariadb.com/kb/en/innodb-data-dictionary-troubleshooting/ for how to resolve the issue.
2022-03-01 11:54:50 0 [Warning] InnoDB: Ignoring tablespace for `phpmyadmin`.`pma__tracking` because it could not be opened.
2022-03-01 11:54:50 0 [ERROR] InnoDB: Operating system error number 3 in a file operation.
2022-03-01 11:54:50 0 [ERROR] InnoDB: The error means the system cannot find the path specified.
2022-03-01 11:54:50 0 [ERROR] InnoDB: If you are installing InnoDB, remember that you must create directories yourself, InnoDB does not create them.
2022-03-01 11:54:50 0 [ERROR] InnoDB: Cannot open datafile for read-only: '.\phpmyadmin\pma__userconfig.ibd' OS error: 203
2022-03-01 11:54:50 0 [ERROR] InnoDB: Operating system error number 203 in a file operation.
2022-03-01 11:54:50 0 [Note] InnoDB: Some operating system error numbers are described at https://mariadb.com/kb/en/library/operating-system-error-codes/
2022-03-01 11:54:50 0 [ERROR] InnoDB: Could not find a valid tablespace file for ``phpmyadmin`.`pma__userconfig``. Please refer to https://mariadb.com/kb/en/innodb-data-dictionary-troubleshooting/ for how to resolve the issue.
2022-03-01 11:54:50 0 [Warning] InnoDB: Ignoring tablespace for `phpmyadmin`.`pma__userconfig` because it could not be opened.
2022-03-01 11:54:50 0 [ERROR] InnoDB: Operating system error number 3 in a file operation.
2022-03-01 11:54:50 0 [ERROR] InnoDB: The error means the system cannot find the path specified.
2022-03-01 11:54:50 0 [ERROR] InnoDB: If you are installing InnoDB, remember that you must create directories yourself, InnoDB does not create them.
2022-03-01 11:54:50 0 [ERROR] InnoDB: Cannot open datafile for read-only: '.\phpmyadmin\pma__usergroups.ibd' OS error: 203
2022-03-01 11:54:50 0 [ERROR] InnoDB: Operating system error number 203 in a file operation.
2022-03-01 11:54:50 0 [Note] InnoDB: Some operating system error numbers are described at https://mariadb.com/kb/en/library/operating-system-error-codes/
2022-03-01 11:54:50 0 [ERROR] InnoDB: Could not find a valid tablespace file for ``phpmyadmin`.`pma__usergroups``. Please refer to https://mariadb.com/kb/en/innodb-data-dictionary-troubleshooting/ for how to resolve the issue.
2022-03-01 11:54:50 0 [Warning] InnoDB: Ignoring tablespace for `phpmyadmin`.`pma__usergroups` because it could not be opened.
2022-03-01 11:54:50 0 [ERROR] InnoDB: Operating system error number 3 in a file operation.
2022-03-01 11:54:50 0 [ERROR] InnoDB: The error means the system cannot find the path specified.
2022-03-01 11:54:50 0 [ERROR] InnoDB: If you are installing InnoDB, remember that you must create directories yourself, InnoDB does not create them.
2022-03-01 11:54:50 0 [ERROR] InnoDB: Cannot open datafile for read-only: '.\phpmyadmin\pma__users.ibd' OS error: 203
2022-03-01 11:54:50 0 [ERROR] InnoDB: Operating system error number 203 in a file operation.
2022-03-01 11:54:50 0 [Note] InnoDB: Some operating system error numbers are described at https://mariadb.com/kb/en/library/operating-system-error-codes/
2022-03-01 11:54:50 0 [ERROR] InnoDB: Could not find a valid tablespace file for ``phpmyadmin`.`pma__users``. Please refer to https://mariadb.com/kb/en/innodb-data-dictionary-troubleshooting/ for how to resolve the issue.
2022-03-01 11:54:50 0 [Warning] InnoDB: Ignoring tablespace for `phpmyadmin`.`pma__users` because it could not be opened.
2022-03-01 11:54:50 0 [Note] InnoDB: 128 out of 128 rollback segments are active.
2022-03-01 11:54:50 0 [Note] InnoDB: Creating shared tablespace for temporary tables
2022-03-01 11:54:50 0 [Note] InnoDB: Setting file 'C:\Users\moshe\Desktop\Moodle Project\m\server\mysql\data\ibtmp1' size to 12 MB. Physically writing the file full; Please wait ...
2022-03-01 11:54:50 0 [Note] InnoDB: File 'C:\Users\moshe\Desktop\Moodle Project\m\server\mysql\data\ibtmp1' size is now 12 MB.
2022-03-01 11:54:50 0 [Note] InnoDB: Waiting for purge to start
2022-03-01 11:54:50 1 [ERROR] InnoDB: Failed to find tablespace for table `phpmyadmin`.`pma__userconfig` in the cache. Attempting to load the tablespace with space id 16
2022-03-01 11:54:50 1 [ERROR] InnoDB: Operating system error number 3 in a file operation.
2022-03-01 11:54:50 1 [ERROR] InnoDB: The error means the system cannot find the path specified.
2022-03-01 11:54:50 1 [ERROR] InnoDB: If you are installing InnoDB, remember that you must create directories yourself, InnoDB does not create them.
2022-03-01 11:54:50 1 [ERROR] InnoDB: Cannot open datafile for read-only: '.\phpmyadmin\pma__userconfig.ibd' OS error: 203
2022-03-01 11:54:50 1 [ERROR] InnoDB: Operating system error number 203 in a file operation.
2022-03-01 11:54:50 1 [Note] InnoDB: Some operating system error numbers are described at https://mariadb.com/kb/en/library/operating-system-error-codes/
2022-03-01 11:54:50 1 [ERROR] InnoDB: Could not find a valid tablespace file for ``phpmyadmin`.`pma__userconfig``. Please refer to https://mariadb.com/kb/en/innodb-data-dictionary-troubleshooting/ for how to resolve the issue.
2022-03-01 11:54:51 0 [Note] InnoDB: 10.4.8 started; log sequence number 300565; transaction id 171
2022-03-01 11:54:51 0 [Note] InnoDB: Loading buffer pool(s) from C:\Users\moshe\Desktop\Moodle Project\m\server\mysql\data\ib_buffer_pool
2022-03-01 11:54:51 0 [Note] Plugin 'FEEDBACK' is disabled.
2022-03-01 11:54:51 0 [Note] Server socket created on IP: '::'.
2022-03-01 11:54:51 0 [ERROR] Can't start server: Bind on TCP/IP port. Got error: 10048: Only one usage of each socket address (protocol/network address/port) is normally permitted.

2022-03-01 11:54:51 0 [ERROR] Do you already have another mysqld server running on port: 3306 ?
2022-03-01 11:54:51 0 [ERROR] Aborting
2022-03-01 13:09:35 0 [Warning] The parameter innodb_large_prefix is deprecated and has no effect. It may be removed in future releases. See https://mariadb.com/kb/en/library/xtradbinnodb-file-format/
InnoDB: using atomic writes.
2022-03-01 13:09:35 0 [Note] InnoDB: Mutexes and rw_locks use Windows interlocked functions
2022-03-01 13:09:35 0 [Note] InnoDB: Uses event mutexes
2022-03-01 13:09:35 0 [Note] InnoDB: Compressed tables use zlib 1.2.11
2022-03-01 13:09:35 0 [Note] InnoDB: Number of pools: 1
2022-03-01 13:09:35 0 [Note] InnoDB: Using SSE2 crc32 instructions
2022-03-01 13:09:35 0 [Note] InnoDB: Initializing buffer pool, total size = 256M, instances = 1, chunk size = 128M
2022-03-01 13:09:35 0 [Note] InnoDB: Completed initialization of buffer pool
2022-03-01 13:09:35 0 [ERROR] InnoDB: Operating system error number 3 in a file operation.
2022-03-01 13:09:35 0 [ERROR] InnoDB: The error means the system cannot find the path specified.
2022-03-01 13:09:35 0 [ERROR] InnoDB: If you are installing InnoDB, remember that you must create directories yourself, InnoDB does not create them.
2022-03-01 13:09:35 0 [ERROR] InnoDB: Cannot open datafile for read-only: '.\phpmyadmin\pma__bookmark.ibd' OS error: 203
2022-03-01 13:09:35 0 [ERROR] InnoDB: Operating system error number 203 in a file operation.
2022-03-01 13:09:35 0 [Note] InnoDB: Some operating system error numbers are described at https://mariadb.com/kb/en/library/operating-system-error-codes/
2022-03-01 13:09:35 0 [ERROR] InnoDB: Could not find a valid tablespace file for ``phpmyadmin`.`pma__bookmark``. Please refer to https://mariadb.com/kb/en/innodb-data-dictionary-troubleshooting/ for how to resolve the issue.
2022-03-01 13:09:35 0 [Warning] InnoDB: Ignoring tablespace for `phpmyadmin`.`pma__bookmark` because it could not be opened.
2022-03-01 13:09:35 0 [ERROR] InnoDB: Operating system error number 3 in a file operation.
2022-03-01 13:09:35 0 [ERROR] InnoDB: The error means the system cannot find the path specified.
2022-03-01 13:09:35 0 [ERROR] InnoDB: If you are installing InnoDB, remember that you must create directories yourself, InnoDB does not create them.
2022-03-01 13:09:35 0 [ERROR] InnoDB: Cannot open datafile for read-only: '.\phpmyadmin\pma__central_columns.ibd' OS error: 203
2022-03-01 13:09:35 0 [ERROR] InnoDB: Operating system error number 203 in a file operation.
2022-03-01 13:09:35 0 [Note] InnoDB: Some operating system error numbers are described at https://mariadb.com/kb/en/library/operating-system-error-codes/
2022-03-01 13:09:35 0 [ERROR] InnoDB: Could not find a valid tablespace file for ``phpmyadmin`.`pma__central_columns``. Please refer to https://mariadb.com/kb/en/innodb-data-dictionary-troubleshooting/ for how to resolve the issue.
2022-03-01 13:09:35 0 [Warning] InnoDB: Ignoring tablespace for `phpmyadmin`.`pma__central_columns` because it could not be opened.
2022-03-01 13:09:35 0 [ERROR] InnoDB: Operating system error number 3 in a file operation.
2022-03-01 13:09:35 0 [ERROR] InnoDB: The error means the system cannot find the path specified.
2022-03-01 13:09:35 0 [ERROR] InnoDB: If you are installing InnoDB, remember that you must create directories yourself, InnoDB does not create them.
2022-03-01 13:09:35 0 [ERROR] InnoDB: Cannot open datafile for read-only: '.\phpmyadmin\pma__column_info.ibd' OS error: 203
2022-03-01 13:09:35 0 [ERROR] InnoDB: Operating system error number 203 in a file operation.
2022-03-01 13:09:35 0 [Note] InnoDB: Some operating system error numbers are described at https://mariadb.com/kb/en/library/operating-system-error-codes/
2022-03-01 13:09:35 0 [ERROR] InnoDB: Could not find a valid tablespace file for ``phpmyadmin`.`pma__column_info``. Please refer to https://mariadb.com/kb/en/innodb-data-dictionary-troubleshooting/ for how to resolve the issue.
2022-03-01 13:09:35 0 [Warning] InnoDB: Ignoring tablespace for `phpmyadmin`.`pma__column_info` because it could not be opened.
2022-03-01 13:09:35 0 [ERROR] InnoDB: Operating system error number 3 in a file operation.
2022-03-01 13:09:35 0 [ERROR] InnoDB: The error means the system cannot find the path specified.
2022-03-01 13:09:35 0 [ERROR] InnoDB: If you are installing InnoDB, remember that you must create directories yourself, InnoDB does not create them.
2022-03-01 13:09:35 0 [ERROR] InnoDB: Cannot open datafile for read-only: '.\phpmyadmin\pma__designer_settings.ibd' OS error: 203
2022-03-01 13:09:35 0 [ERROR] InnoDB: Operating system error number 203 in a file operation.
2022-03-01 13:09:35 0 [Note] InnoDB: Some operating system error numbers are described at https://mariadb.com/kb/en/library/operating-system-error-codes/
2022-03-01 13:09:35 0 [ERROR] InnoDB: Could not find a valid tablespace file for ``phpmyadmin`.`pma__designer_settings``. Please refer to https://mariadb.com/kb/en/innodb-data-dictionary-troubleshooting/ for how to resolve the issue.
2022-03-01 13:09:35 0 [Warning] InnoDB: Ignoring tablespace for `phpmyadmin`.`pma__designer_settings` because it could not be opened.
2022-03-01 13:09:35 0 [ERROR] InnoDB: Operating system error number 3 in a file operation.
2022-03-01 13:09:35 0 [ERROR] InnoDB: The error means the system cannot find the path specified.
2022-03-01 13:09:35 0 [ERROR] InnoDB: If you are installing InnoDB, remember that you must create directories yourself, InnoDB does not create them.
2022-03-01 13:09:35 0 [ERROR] InnoDB: Cannot open datafile for read-only: '.\phpmyadmin\pma__export_templates.ibd' OS error: 203
2022-03-01 13:09:35 0 [ERROR] InnoDB: Operating system error number 203 in a file operation.
2022-03-01 13:09:35 0 [Note] InnoDB: Some operating system error numbers are described at https://mariadb.com/kb/en/library/operating-system-error-codes/
2022-03-01 13:09:35 0 [ERROR] InnoDB: Could not find a valid tablespace file for ``phpmyadmin`.`pma__export_templates``. Please refer to https://mariadb.com/kb/en/innodb-data-dictionary-troubleshooting/ for how to resolve the issue.
2022-03-01 13:09:35 0 [Warning] InnoDB: Ignoring tablespace for `phpmyadmin`.`pma__export_templates` because it could not be opened.
2022-03-01 13:09:35 0 [ERROR] InnoDB: Operating system error number 3 in a file operation.
2022-03-01 13:09:35 0 [ERROR] InnoDB: The error means the system cannot find the path specified.
2022-03-01 13:09:35 0 [ERROR] InnoDB: If you are installing InnoDB, remember that you must create directories yourself, InnoDB does not create them.
2022-03-01 13:09:35 0 [ERROR] InnoDB: Cannot open datafile for read-only: '.\phpmyadmin\pma__favorite.ibd' OS error: 203
2022-03-01 13:09:35 0 [ERROR] InnoDB: Operating system error number 203 in a file operation.
2022-03-01 13:09:35 0 [Note] InnoDB: Some operating system error numbers are described at https://mariadb.com/kb/en/library/operating-system-error-codes/
2022-03-01 13:09:35 0 [ERROR] InnoDB: Could not find a valid tablespace file for ``phpmyadmin`.`pma__favorite``. Please refer to https://mariadb.com/kb/en/innodb-data-dictionary-troubleshooting/ for how to resolve the issue.
2022-03-01 13:09:35 0 [Warning] InnoDB: Ignoring tablespace for `phpmyadmin`.`pma__favorite` because it could not be opened.
2022-03-01 13:09:35 0 [ERROR] InnoDB: Operating system error number 3 in a file operation.
2022-03-01 13:09:35 0 [ERROR] InnoDB: The error means the system cannot find the path specified.
2022-03-01 13:09:35 0 [ERROR] InnoDB: If you are installing InnoDB, remember that you must create directories yourself, InnoDB does not create them.
2022-03-01 13:09:35 0 [ERROR] InnoDB: Cannot open datafile for read-only: '.\phpmyadmin\pma__history.ibd' OS error: 203
2022-03-01 13:09:35 0 [ERROR] InnoDB: Operating system error number 203 in a file operation.
2022-03-01 13:09:35 0 [Note] InnoDB: Some operating system error numbers are described at https://mariadb.com/kb/en/library/operating-system-error-codes/
2022-03-01 13:09:35 0 [ERROR] InnoDB: Could not find a valid tablespace file for ``phpmyadmin`.`pma__history``. Please refer to https://mariadb.com/kb/en/innodb-data-dictionary-troubleshooting/ for how to resolve the issue.
2022-03-01 13:09:35 0 [Warning] InnoDB: Ignoring tablespace for `phpmyadmin`.`pma__history` because it could not be opened.
2022-03-01 13:09:35 0 [ERROR] InnoDB: Operating system error number 3 in a file operation.
2022-03-01 13:09:35 0 [ERROR] InnoDB: The error means the system cannot find the path specified.
2022-03-01 13:09:35 0 [ERROR] InnoDB: If you are installing InnoDB, remember that you must create directories yourself, InnoDB does not create them.
2022-03-01 13:09:35 0 [ERROR] InnoDB: Cannot open datafile for read-only: '.\phpmyadmin\pma__navigationhiding.ibd' OS error: 203
2022-03-01 13:09:35 0 [ERROR] InnoDB: Operating system error number 203 in a file operation.
2022-03-01 13:09:35 0 [Note] InnoDB: Some operating system error numbers are described at https://mariadb.com/kb/en/library/operating-system-error-codes/
2022-03-01 13:09:35 0 [ERROR] InnoDB: Could not find a valid tablespace file for ``phpmyadmin`.`pma__navigationhiding``. Please refer to https://mariadb.com/kb/en/innodb-data-dictionary-troubleshooting/ for how to resolve the issue.
2022-03-01 13:09:35 0 [Warning] InnoDB: Ignoring tablespace for `phpmyadmin`.`pma__navigationhiding` because it could not be opened.
2022-03-01 13:09:35 0 [ERROR] InnoDB: Operating system error number 3 in a file operation.
2022-03-01 13:09:35 0 [ERROR] InnoDB: The error means the system cannot find the path specified.
2022-03-01 13:09:35 0 [ERROR] InnoDB: If you are installing InnoDB, remember that you must create directories yourself, InnoDB does not create them.
2022-03-01 13:09:35 0 [ERROR] InnoDB: Cannot open datafile for read-only: '.\phpmyadmin\pma__pdf_pages.ibd' OS error: 203
2022-03-01 13:09:35 0 [ERROR] InnoDB: Operating system error number 203 in a file operation.
2022-03-01 13:09:35 0 [Note] InnoDB: Some operating system error numbers are described at https://mariadb.com/kb/en/library/operating-system-error-codes/
2022-03-01 13:09:35 0 [ERROR] InnoDB: Could not find a valid tablespace file for ``phpmyadmin`.`pma__pdf_pages``. Please refer to https://mariadb.com/kb/en/innodb-data-dictionary-troubleshooting/ for how to resolve the issue.
2022-03-01 13:09:35 0 [Warning] InnoDB: Ignoring tablespace for `phpmyadmin`.`pma__pdf_pages` because it could not be opened.
2022-03-01 13:09:35 0 [ERROR] InnoDB: Operating system error number 3 in a file operation.
2022-03-01 13:09:35 0 [ERROR] InnoDB: The error means the system cannot find the path specified.
2022-03-01 13:09:35 0 [ERROR] InnoDB: If you are installing InnoDB, remember that you must create directories yourself, InnoDB does not create them.
2022-03-01 13:09:35 0 [ERROR] InnoDB: Cannot open datafile for read-only: '.\phpmyadmin\pma__recent.ibd' OS error: 203
2022-03-01 13:09:35 0 [ERROR] InnoDB: Operating system error number 203 in a file operation.
2022-03-01 13:09:35 0 [Note] InnoDB: Some operating system error numbers are described at https://mariadb.com/kb/en/library/operating-system-error-codes/
2022-03-01 13:09:35 0 [ERROR] InnoDB: Could not find a valid tablespace file for ``phpmyadmin`.`pma__recent``. Please refer to https://mariadb.com/kb/en/innodb-data-dictionary-troubleshooting/ for how to resolve the issue.
2022-03-01 13:09:35 0 [Warning] InnoDB: Ignoring tablespace for `phpmyadmin`.`pma__recent` because it could not be opened.
2022-03-01 13:09:35 0 [ERROR] InnoDB: Operating system error number 3 in a file operation.
2022-03-01 13:09:35 0 [ERROR] InnoDB: The error means the system cannot find the path specified.
2022-03-01 13:09:35 0 [ERROR] InnoDB: If you are installing InnoDB, remember that you must create directories yourself, InnoDB does not create them.
2022-03-01 13:09:35 0 [ERROR] InnoDB: Cannot open datafile for read-only: '.\phpmyadmin\pma__relation.ibd' OS error: 203
2022-03-01 13:09:35 0 [ERROR] InnoDB: Operating system error number 203 in a file operation.
2022-03-01 13:09:35 0 [Note] InnoDB: Some operating system error numbers are described at https://mariadb.com/kb/en/library/operating-system-error-codes/
2022-03-01 13:09:35 0 [ERROR] InnoDB: Could not find a valid tablespace file for ``phpmyadmin`.`pma__relation``. Please refer to https://mariadb.com/kb/en/innodb-data-dictionary-troubleshooting/ for how to resolve the issue.
2022-03-01 13:09:35 0 [Warning] InnoDB: Ignoring tablespace for `phpmyadmin`.`pma__relation` because it could not be opened.
2022-03-01 13:09:35 0 [ERROR] InnoDB: Operating system error number 3 in a file operation.
2022-03-01 13:09:35 0 [ERROR] InnoDB: The error means the system cannot find the path specified.
2022-03-01 13:09:35 0 [ERROR] InnoDB: If you are installing InnoDB, remember that you must create directories yourself, InnoDB does not create them.
2022-03-01 13:09:35 0 [ERROR] InnoDB: Cannot open datafile for read-only: '.\phpmyadmin\pma__savedsearches.ibd' OS error: 203
2022-03-01 13:09:35 0 [ERROR] InnoDB: Operating system error number 203 in a file operation.
2022-03-01 13:09:35 0 [Note] InnoDB: Some operating system error numbers are described at https://mariadb.com/kb/en/library/operating-system-error-codes/
2022-03-01 13:09:35 0 [ERROR] InnoDB: Could not find a valid tablespace file for ``phpmyadmin`.`pma__savedsearches``. Please refer to https://mariadb.com/kb/en/innodb-data-dictionary-troubleshooting/ for how to resolve the issue.
2022-03-01 13:09:35 0 [Warning] InnoDB: Ignoring tablespace for `phpmyadmin`.`pma__savedsearches` because it could not be opened.
2022-03-01 13:09:35 0 [ERROR] InnoDB: Operating system error number 3 in a file operation.
2022-03-01 13:09:35 0 [ERROR] InnoDB: The error means the system cannot find the path specified.
2022-03-01 13:09:35 0 [ERROR] InnoDB: If you are installing InnoDB, remember that you must create directories yourself, InnoDB does not create them.
2022-03-01 13:09:35 0 [ERROR] InnoDB: Cannot open datafile for read-only: '.\phpmyadmin\pma__table_coords.ibd' OS error: 203
2022-03-01 13:09:35 0 [ERROR] InnoDB: Operating system error number 203 in a file operation.
2022-03-01 13:09:35 0 [Note] InnoDB: Some operating system error numbers are described at https://mariadb.com/kb/en/library/operating-system-error-codes/
2022-03-01 13:09:35 0 [ERROR] InnoDB: Could not find a valid tablespace file for ``phpmyadmin`.`pma__table_coords``. Please refer to https://mariadb.com/kb/en/innodb-data-dictionary-troubleshooting/ for how to resolve the issue.
2022-03-01 13:09:35 0 [Warning] InnoDB: Ignoring tablespace for `phpmyadmin`.`pma__table_coords` because it could not be opened.
2022-03-01 13:09:35 0 [ERROR] InnoDB: Operating system error number 3 in a file operation.
2022-03-01 13:09:35 0 [ERROR] InnoDB: The error means the system cannot find the path specified.
2022-03-01 13:09:35 0 [ERROR] InnoDB: If you are installing InnoDB, remember that you must create directories yourself, InnoDB does not create them.
2022-03-01 13:09:35 0 [ERROR] InnoDB: Cannot open datafile for read-only: '.\phpmyadmin\pma__table_info.ibd' OS error: 203
2022-03-01 13:09:35 0 [ERROR] InnoDB: Operating system error number 203 in a file operation.
2022-03-01 13:09:35 0 [Note] InnoDB: Some operating system error numbers are described at https://mariadb.com/kb/en/library/operating-system-error-codes/
2022-03-01 13:09:35 0 [ERROR] InnoDB: Could not find a valid tablespace file for ``phpmyadmin`.`pma__table_info``. Please refer to https://mariadb.com/kb/en/innodb-data-dictionary-troubleshooting/ for how to resolve the issue.
2022-03-01 13:09:35 0 [Warning] InnoDB: Ignoring tablespace for `phpmyadmin`.`pma__table_info` because it could not be opened.
2022-03-01 13:09:35 0 [ERROR] InnoDB: Operating system error number 3 in a file operation.
2022-03-01 13:09:35 0 [ERROR] InnoDB: The error means the system cannot find the path specified.
2022-03-01 13:09:35 0 [ERROR] InnoDB: If you are installing InnoDB, remember that you must create directories yourself, InnoDB does not create them.
2022-03-01 13:09:35 0 [ERROR] InnoDB: Cannot open datafile for read-only: '.\phpmyadmin\pma__table_uiprefs.ibd' OS error: 203
2022-03-01 13:09:35 0 [ERROR] InnoDB: Operating system error number 203 in a file operation.
2022-03-01 13:09:35 0 [Note] InnoDB: Some operating system error numbers are described at https://mariadb.com/kb/en/library/operating-system-error-codes/
2022-03-01 13:09:35 0 [ERROR] InnoDB: Could not find a valid tablespace file for ``phpmyadmin`.`pma__table_uiprefs``. Please refer to https://mariadb.com/kb/en/innodb-data-dictionary-troubleshooting/ for how to resolve the issue.
2022-03-01 13:09:35 0 [Warning] InnoDB: Ignoring tablespace for `phpmyadmin`.`pma__table_uiprefs` because it could not be opened.
2022-03-01 13:09:35 0 [ERROR] InnoDB: Operating system error number 3 in a file operation.
2022-03-01 13:09:35 0 [ERROR] InnoDB: The error means the system cannot find the path specified.
2022-03-01 13:09:35 0 [ERROR] InnoDB: If you are installing InnoDB, remember that you must create directories yourself, InnoDB does not create them.
2022-03-01 13:09:35 0 [ERROR] InnoDB: Cannot open datafile for read-only: '.\phpmyadmin\pma__tracking.ibd' OS error: 203
2022-03-01 13:09:35 0 [ERROR] InnoDB: Operating system error number 203 in a file operation.
2022-03-01 13:09:35 0 [Note] InnoDB: Some operating system error numbers are described at https://mariadb.com/kb/en/library/operating-system-error-codes/
2022-03-01 13:09:35 0 [ERROR] InnoDB: Could not find a valid tablespace file for ``phpmyadmin`.`pma__tracking``. Please refer to https://mariadb.com/kb/en/innodb-data-dictionary-troubleshooting/ for how to resolve the issue.
2022-03-01 13:09:35 0 [Warning] InnoDB: Ignoring tablespace for `phpmyadmin`.`pma__tracking` because it could not be opened.
2022-03-01 13:09:35 0 [ERROR] InnoDB: Operating system error number 3 in a file operation.
2022-03-01 13:09:35 0 [ERROR] InnoDB: The error means the system cannot find the path specified.
2022-03-01 13:09:35 0 [ERROR] InnoDB: If you are installing InnoDB, remember that you must create directories yourself, InnoDB does not create them.
2022-03-01 13:09:35 0 [ERROR] InnoDB: Cannot open datafile for read-only: '.\phpmyadmin\pma__userconfig.ibd' OS error: 203
2022-03-01 13:09:35 0 [ERROR] InnoDB: Operating system error number 203 in a file operation.
2022-03-01 13:09:35 0 [Note] InnoDB: Some operating system error numbers are described at https://mariadb.com/kb/en/library/operating-system-error-codes/
2022-03-01 13:09:35 0 [ERROR] InnoDB: Could not find a valid tablespace file for ``phpmyadmin`.`pma__userconfig``. Please refer to https://mariadb.com/kb/en/innodb-data-dictionary-troubleshooting/ for how to resolve the issue.
2022-03-01 13:09:35 0 [Warning] InnoDB: Ignoring tablespace for `phpmyadmin`.`pma__userconfig` because it could not be opened.
2022-03-01 13:09:35 0 [ERROR] InnoDB: Operating system error number 3 in a file operation.
2022-03-01 13:09:35 0 [ERROR] InnoDB: The error means the system cannot find the path specified.
2022-03-01 13:09:35 0 [ERROR] InnoDB: If you are installing InnoDB, remember that you must create directories yourself, InnoDB does not create them.
2022-03-01 13:09:35 0 [ERROR] InnoDB: Cannot open datafile for read-only: '.\phpmyadmin\pma__usergroups.ibd' OS error: 203
2022-03-01 13:09:35 0 [ERROR] InnoDB: Operating system error number 203 in a file operation.
2022-03-01 13:09:35 0 [Note] InnoDB: Some operating system error numbers are described at https://mariadb.com/kb/en/library/operating-system-error-codes/
2022-03-01 13:09:35 0 [ERROR] InnoDB: Could not find a valid tablespace file for ``phpmyadmin`.`pma__usergroups``. Please refer to https://mariadb.com/kb/en/innodb-data-dictionary-troubleshooting/ for how to resolve the issue.
2022-03-01 13:09:35 0 [Warning] InnoDB: Ignoring tablespace for `phpmyadmin`.`pma__usergroups` because it could not be opened.
2022-03-01 13:09:35 0 [ERROR] InnoDB: Operating system error number 3 in a file operation.
2022-03-01 13:09:35 0 [ERROR] InnoDB: The error means the system cannot find the path specified.
2022-03-01 13:09:35 0 [ERROR] InnoDB: If you are installing InnoDB, remember that you must create directories yourself, InnoDB does not create them.
2022-03-01 13:09:35 0 [ERROR] InnoDB: Cannot open datafile for read-only: '.\phpmyadmin\pma__users.ibd' OS error: 203
2022-03-01 13:09:35 0 [ERROR] InnoDB: Operating system error number 203 in a file operation.
2022-03-01 13:09:35 0 [Note] InnoDB: Some operating system error numbers are described at https://mariadb.com/kb/en/library/operating-system-error-codes/
2022-03-01 13:09:35 0 [ERROR] InnoDB: Could not find a valid tablespace file for ``phpmyadmin`.`pma__users``. Please refer to https://mariadb.com/kb/en/innodb-data-dictionary-troubleshooting/ for how to resolve the issue.
2022-03-01 13:09:35 0 [Warning] InnoDB: Ignoring tablespace for `phpmyadmin`.`pma__users` because it could not be opened.
2022-03-01 13:09:35 0 [Note] InnoDB: 128 out of 128 rollback segments are active.
2022-03-01 13:09:35 0 [Note] InnoDB: Creating shared tablespace for temporary tables
2022-03-01 13:09:35 0 [Note] InnoDB: Setting file 'C:\Users\moshe\Desktop\Moodle Project\m\server\mysql\data\ibtmp1' size to 12 MB. Physically writing the file full; Please wait ...
2022-03-01 13:09:35 0 [Note] InnoDB: File 'C:\Users\moshe\Desktop\Moodle Project\m\server\mysql\data\ibtmp1' size is now 12 MB.
2022-03-01 13:09:35 0 [Note] InnoDB: Waiting for purge to start
2022-03-01 13:09:35 4 [ERROR] InnoDB: Failed to find tablespace for table `phpmyadmin`.`pma__userconfig` in the cache. Attempting to load the tablespace with space id 16
2022-03-01 13:09:35 4 [ERROR] InnoDB: Operating system error number 3 in a file operation.
2022-03-01 13:09:35 4 [ERROR] InnoDB: The error means the system cannot find the path specified.
2022-03-01 13:09:35 4 [ERROR] InnoDB: If you are installing InnoDB, remember that you must create directories yourself, InnoDB does not create them.
2022-03-01 13:09:35 4 [ERROR] InnoDB: Cannot open datafile for read-only: '.\phpmyadmin\pma__userconfig.ibd' OS error: 203
2022-03-01 13:09:35 4 [ERROR] InnoDB: Operating system error number 203 in a file operation.
2022-03-01 13:09:35 4 [Note] InnoDB: Some operating system error numbers are described at https://mariadb.com/kb/en/library/operating-system-error-codes/
2022-03-01 13:09:35 4 [ERROR] InnoDB: Could not find a valid tablespace file for ``phpmyadmin`.`pma__userconfig``. Please refer to https://mariadb.com/kb/en/innodb-data-dictionary-troubleshooting/ for how to resolve the issue.
2022-03-01 13:09:35 0 [Note] InnoDB: 10.4.8 started; log sequence number 300574; transaction id 171
2022-03-01 13:09:35 0 [Note] Plugin 'FEEDBACK' is disabled.
2022-03-01 13:09:35 0 [Note] InnoDB: Loading buffer pool(s) from C:\Users\moshe\Desktop\Moodle Project\m\server\mysql\data\ib_buffer_pool
2022-03-01 13:09:35 0 [Note] Server socket created on IP: '::'.
2022-03-01 13:09:35 0 [Note] InnoDB: Buffer pool(s) load completed at 220301 13:09:35
2022-03-01 13:09:35 0 [Note] Reading of all Master_info entries succeeded
2022-03-01 13:09:35 0 [Note] Added new Master_info '' to hash table
2022-03-01 13:09:35 0 [Note] mysql\bin\mysqld.exe: ready for connections.
Version: '10.4.8-MariaDB'  socket: ''  port: 3306  mariadb.org binary distribution
